TpTrace Verbose: 0 : 10536, 1, 2024/05/25, 12:45:20.709, 5331371773880, vstest.console.dll, Version: 17.9.0-release-23619-01 Current process architecture: X64
TpTrace Verbose: 0 : 10536, 1, 2024/05/25, 12:45:20.712, 5331371801308, vstest.console.dll, Runtime location: C:\Program Files\dotnet\shared\Microsoft.NETCore.App\8.0.0
TpTrace Verbose: 0 : 10536, 1, 2024/05/25, 12:45:20.714, 5331371819482, vstest.console.dll, ArtifactProcessingPostProcessModeProcessorExecutor.Initialize: ArtifactProcessingMode.Collect
TpTrace Verbose: 0 : 10536, 1, 2024/05/25, 12:45:20.714, 5331371820846, vstest.console.dll, TestSessionCorrelationIdProcessorModeProcessorExecutor.Initialize: TestSessionCorrelationId '8308_57f81dd4-bb71-4618-a31f-1540f0326469'
TpTrace Information: 0 : 10536, 1, 2024/05/25, 12:45:20.720, 5331371883068, vstest.console.dll, FilePatternParser: The given file C:\Users\aitor\source\repos\AseProda.Library\AseProda.Test\bin\Debug\net5.0\fine-code-coverage\build-output\AseProda.Test.dll is a full path.
TpTrace Verbose: 0 : 10536, 1, 2024/05/25, 12:45:20.723, 5331371917244, vstest.console.dll, TestPluginCache.DiscoverTestExtensions: finding test extensions in assemblies ends with: RuntimeProvider.dll TPluginInfo: Microsoft.VisualStudio.TestPlatform.Common.ExtensionFramework.Utilities.TestRuntimePluginInformation TExtension: Microsoft.VisualStudio.TestPlatform.ObjectModel.Host.ITestRuntimeProvider
TpTrace Verbose: 0 : 10536, 1, 2024/05/25, 12:45:20.724, 5331371924056, vstest.console.dll, TestPluginCache.GetExtensionPaths: Filtered extension paths: 
TpTrace Verbose: 0 : 10536, 1, 2024/05/25, 12:45:20.724, 5331371925076, vstest.console.dll, TestPluginCache.GetExtensionPaths: Added default extension paths: C:\Program Files\dotnet\sdk\8.0.200-preview.23624.5\Extensions\Microsoft.Diagnostics.NETCore.Client.dll
C:\Program Files\dotnet\sdk\8.0.200-preview.23624.5\Extensions\Microsoft.TestPlatform.Extensions.BlameDataCollector.dll
C:\Program Files\dotnet\sdk\8.0.200-preview.23624.5\Extensions\Microsoft.TestPlatform.Extensions.EventLogCollector.dll
C:\Program Files\dotnet\sdk\8.0.200-preview.23624.5\Extensions\Microsoft.TestPlatform.TestHostRuntimeProvider.dll
C:\Program Files\dotnet\sdk\8.0.200-preview.23624.5\Extensions\Microsoft.VisualStudio.TestPlatform.Extensions.Html.TestLogger.dll
C:\Program Files\dotnet\sdk\8.0.200-preview.23624.5\Extensions\Microsoft.VisualStudio.TestPlatform.Extensions.Trx.TestLogger.dll
TpTrace Verbose: 0 : 10536, 1, 2024/05/25, 12:45:20.724, 5331371925623, vstest.console.dll, TestPluginCache.GetExtensionPaths: Added unfilterableExtensionPaths: 
TpTrace Information: 0 : 10536, 1, 2024/05/25, 12:45:20.725, 5331371930483, vstest.console.dll, AssemblyResolver.ctor: Creating AssemblyResolver with searchDirectories C:\Program Files\dotnet\sdk\8.0.200-preview.23624.5\Extensions,C:\Program Files\dotnet\sdk\8.0.200-preview.23624.5
TpTrace Verbose: 0 : 10536, 1, 2024/05/25, 12:45:20.725, 5331371937272, vstest.console.dll, TestPluginCache.DiscoverTestExtensions: Discovering the extensions using extension path.
TpTrace Verbose: 0 : 10536, 1, 2024/05/25, 12:45:20.726, 5331371938459, vstest.console.dll, TestPluginCache.GetExtensionPaths: Filtered extension paths: 
TpTrace Verbose: 0 : 10536, 1, 2024/05/25, 12:45:20.726, 5331371938982, vstest.console.dll, TestPluginCache.GetExtensionPaths: Added default extension paths: C:\Program Files\dotnet\sdk\8.0.200-preview.23624.5\Extensions\Microsoft.Diagnostics.NETCore.Client.dll
C:\Program Files\dotnet\sdk\8.0.200-preview.23624.5\Extensions\Microsoft.TestPlatform.Extensions.BlameDataCollector.dll
C:\Program Files\dotnet\sdk\8.0.200-preview.23624.5\Extensions\Microsoft.TestPlatform.Extensions.EventLogCollector.dll
C:\Program Files\dotnet\sdk\8.0.200-preview.23624.5\Extensions\Microsoft.TestPlatform.TestHostRuntimeProvider.dll
C:\Program Files\dotnet\sdk\8.0.200-preview.23624.5\Extensions\Microsoft.VisualStudio.TestPlatform.Extensions.Html.TestLogger.dll
C:\Program Files\dotnet\sdk\8.0.200-preview.23624.5\Extensions\Microsoft.VisualStudio.TestPlatform.Extensions.Trx.TestLogger.dll
TpTrace Verbose: 0 : 10536, 1, 2024/05/25, 12:45:20.726, 5331371939815, vstest.console.dll, TestPluginCache.GetExtensionPaths: Added unfilterableExtensionPaths: 
TpTrace Verbose: 0 : 10536, 1, 2024/05/25, 12:45:20.726, 5331371940551, vstest.console.dll, TestPluginCache.DiscoverTestExtensions: Discovering the extensions using allExtensionPaths: C:\Program Files\dotnet\sdk\8.0.200-preview.23624.5\Extensions\Microsoft.Diagnostics.NETCore.Client.dll
C:\Program Files\dotnet\sdk\8.0.200-preview.23624.5\Extensions\Microsoft.TestPlatform.Extensions.BlameDataCollector.dll
C:\Program Files\dotnet\sdk\8.0.200-preview.23624.5\Extensions\Microsoft.TestPlatform.Extensions.EventLogCollector.dll
C:\Program Files\dotnet\sdk\8.0.200-preview.23624.5\Extensions\Microsoft.TestPlatform.TestHostRuntimeProvider.dll
C:\Program Files\dotnet\sdk\8.0.200-preview.23624.5\Extensions\Microsoft.VisualStudio.TestPlatform.Extensions.Html.TestLogger.dll
C:\Program Files\dotnet\sdk\8.0.200-preview.23624.5\Extensions\Microsoft.VisualStudio.TestPlatform.Extensions.Trx.TestLogger.dll
TpTrace Information: 0 : 10536, 1, 2024/05/25, 12:45:20.726, 5331371941604, vstest.console.dll, AssemblyResolver.AddSearchDirectories: Adding more searchDirectories C:\Program Files\dotnet\sdk\8.0.200-preview.23624.5\Extensions,C:\Program Files\dotnet\sdk\8.0.200-preview.23624.5
TpTrace Information: 0 : 10536, 1, 2024/05/25, 12:45:20.726, 5331371942249, vstest.console.dll, AssemblyResolver.AddSearchDirectories: Adding more searchDirectories C:\Program Files\dotnet\sdk\8.0.200-preview.23624.5\Extensions,C:\Program Files\dotnet\sdk\8.0.200-preview.23624.5
TpTrace Information: 0 : 10536, 1, 2024/05/25, 12:45:20.726, 5331371942721, vstest.console.dll, AssemblyResolver.AddSearchDirectories: Adding more searchDirectories C:\Program Files\dotnet\sdk\8.0.200-preview.23624.5\Extensions,C:\Program Files\dotnet\sdk\8.0.200-preview.23624.5
TpTrace Information: 0 : 10536, 1, 2024/05/25, 12:45:20.726, 5331371943245, vstest.console.dll, AssemblyResolver.AddSearchDirectories: Adding more searchDirectories C:\Program Files\dotnet\sdk\8.0.200-preview.23624.5\Extensions,C:\Program Files\dotnet\sdk\8.0.200-preview.23624.5
TpTrace Information: 0 : 10536, 1, 2024/05/25, 12:45:20.726, 5331371943702, vstest.console.dll, AssemblyResolver.AddSearchDirectories: Adding more searchDirectories C:\Program Files\dotnet\sdk\8.0.200-preview.23624.5\Extensions,C:\Program Files\dotnet\sdk\8.0.200-preview.23624.5
TpTrace Information: 0 : 10536, 1, 2024/05/25, 12:45:20.726, 5331371944130, vstest.console.dll, AssemblyResolver.AddSearchDirectories: Adding more searchDirectories C:\Program Files\dotnet\sdk\8.0.200-preview.23624.5\Extensions,C:\Program Files\dotnet\sdk\8.0.200-preview.23624.5
TpTrace Information: 0 : 10536, 1, 2024/05/25, 12:45:20.726, 5331371947102, vstest.console.dll, AssemblyResolver.OnResolve: Microsoft.Diagnostics.NETCore.Client: Resolving assembly.
TpTrace Information: 0 : 10536, 1, 2024/05/25, 12:45:20.727, 5331371948020, vstest.console.dll, AssemblyResolver.OnResolve: Microsoft.Diagnostics.NETCore.Client: Searching in: 'C:\Program Files\dotnet\sdk\8.0.200-preview.23624.5\Extensions'.
TpTrace Information: 0 : 10536, 1, 2024/05/25, 12:45:20.733, 5331372009088, vstest.console.dll, AssemblyResolver.OnResolve: Microsoft.Diagnostics.NETCore.Client: Loading assembly 'C:\Program Files\dotnet\sdk\8.0.200-preview.23624.5\Extensions\Microsoft.Diagnostics.NETCore.Client.dll'.
TpTrace Information: 0 : 10536, 1, 2024/05/25, 12:45:20.733, 5331372014855, vstest.console.dll, AssemblyResolver.OnResolve: Resolved assembly: Microsoft.Diagnostics.NETCore.Client, from path: C:\Program Files\dotnet\sdk\8.0.200-preview.23624.5\Extensions\Microsoft.Diagnostics.NETCore.Client.dll
TpTrace Verbose: 0 : 10536, 1, 2024/05/25, 12:45:20.737, 5331372053624, vstest.console.dll, MetadataReaderExtensionsHelper: Discovering extensions inside assembly 'Microsoft.Diagnostics.NETCore.Client, Version=0.2.9.2401, Culture=neutral, PublicKeyToken=31bf3856ad364e35' file path 'C:\Program Files\dotnet\sdk\8.0.200-preview.23624.5\Extensions\Microsoft.Diagnostics.NETCore.Client.dll'
TpTrace Information: 0 : 10536, 1, 2024/05/25, 12:45:20.740, 5331372086207, vstest.console.dll, AssemblyResolver.OnResolve: Microsoft.Bcl.AsyncInterfaces: Resolving assembly.
TpTrace Information: 0 : 10536, 1, 2024/05/25, 12:45:20.740, 5331372087255, vstest.console.dll, AssemblyResolver.OnResolve: Microsoft.Bcl.AsyncInterfaces: Searching in: 'C:\Program Files\dotnet\sdk\8.0.200-preview.23624.5\Extensions'.
TpTrace Information: 0 : 10536, 1, 2024/05/25, 12:45:20.741, 5331372088194, vstest.console.dll, AssemblyResolver.OnResolve: Microsoft.Bcl.AsyncInterfaces: Assembly path does not exist: 'C:\Program Files\dotnet\sdk\8.0.200-preview.23624.5\Extensions\Microsoft.Bcl.AsyncInterfaces.dll', returning.
TpTrace Information: 0 : 10536, 1, 2024/05/25, 12:45:20.741, 5331372088897, vstest.console.dll, AssemblyResolver.OnResolve: Microsoft.Bcl.AsyncInterfaces: Assembly path does not exist: 'C:\Program Files\dotnet\sdk\8.0.200-preview.23624.5\Extensions\Microsoft.Bcl.AsyncInterfaces.exe', returning.
TpTrace Information: 0 : 10536, 1, 2024/05/25, 12:45:20.741, 5331372089337, vstest.console.dll, AssemblyResolver.OnResolve: Microsoft.Bcl.AsyncInterfaces: Searching in: 'C:\Program Files\dotnet\sdk\8.0.200-preview.23624.5'.
TpTrace Information: 0 : 10536, 1, 2024/05/25, 12:45:20.741, 5331372090005, vstest.console.dll, AssemblyResolver.OnResolve: Microsoft.Bcl.AsyncInterfaces: Assembly path does not exist: 'C:\Program Files\dotnet\sdk\8.0.200-preview.23624.5\Microsoft.Bcl.AsyncInterfaces.dll', returning.
TpTrace Information: 0 : 10536, 1, 2024/05/25, 12:45:20.741, 5331372090706, vstest.console.dll, AssemblyResolver.OnResolve: Microsoft.Bcl.AsyncInterfaces: Assembly path does not exist: 'C:\Program Files\dotnet\sdk\8.0.200-preview.23624.5\Microsoft.Bcl.AsyncInterfaces.exe', returning.
TpTrace Information: 0 : 10536, 1, 2024/05/25, 12:45:20.741, 5331372091143, vstest.console.dll, AssemblyResolver.OnResolve: Microsoft.Bcl.AsyncInterfaces: Failed to load assembly.
TpTrace Verbose: 0 : 10536, 1, 2024/05/25, 12:45:20.741, 5331372091593, vstest.console.dll, CurrentDomainAssemblyResolve: Resolving assembly 'Microsoft.Bcl.AsyncInterfaces'.
TpTrace Information: 0 : 10536, 1, 2024/05/25, 12:45:20.741, 5331372092242, vstest.console.dll, AssemblyResolver.OnResolve: Microsoft.Bcl.AsyncInterfaces: Resolving assembly.
TpTrace Information: 0 : 10536, 1, 2024/05/25, 12:45:20.741, 5331372092745, vstest.console.dll, AssemblyResolver.OnResolve: Microsoft.Bcl.AsyncInterfaces: Resolved from cache.
TpTrace Verbose: 0 : 10536, 1, 2024/05/25, 12:45:20.741, 5331372093146, vstest.console.dll, CurrentDomainAssemblyResolve: Resolving assembly 'Microsoft.Bcl.AsyncInterfaces'.
TpTrace Verbose: 0 : 10536, 1, 2024/05/25, 12:45:20.741, 5331372093647, vstest.console.dll, CurrentDomainAssemblyResolve: Failed to resolve assembly 'Microsoft.Bcl.AsyncInterfaces'.
TpTrace Verbose: 0 : 10536, 1, 2024/05/25, 12:45:20.742, 5331372099614, vstest.console.dll, CurrentDomainAssemblyResolve: Failed to resolve assembly 'Microsoft.Bcl.AsyncInterfaces'.
TpTrace Warning: 0 : 10536, 1, 2024/05/25, 12:45:20.749, 5331372176075, vstest.console.dll, TestPluginDiscoverer: Failed to get types from assembly 'Microsoft.Diagnostics.NETCore.Client, Version=0.2.9.2401, Culture=neutral, PublicKeyToken=31bf3856ad364e35'. Error: System.Reflection.ReflectionTypeLoadException: Unable to load one or more of the requested types.
Could not load file or assembly 'Microsoft.Bcl.AsyncInterfaces, Version=6.0.0.0, Culture=neutral, PublicKeyToken=cc7b13ffcd2ddd51'. El sistema no puede encontrar el archivo especificado.
   at System.Reflection.RuntimeModule.GetTypes(RuntimeModule module)
   at System.Reflection.RuntimeModule.GetTypes()
   at Microsoft.VisualStudio.TestPlatform.Common.ExtensionFramework.TestPluginDiscoverer.GetTestExtensionsFromAssembly[TPluginInfo,TExtension](Assembly assembly, Dictionary`2 pluginInfos, String filePath) in /_/src/Microsoft.TestPlatform.Common/ExtensionFramework/TestPluginDiscoverer.cs:line 158
System.IO.FileNotFoundException: Could not load file or assembly 'Microsoft.Bcl.AsyncInterfaces, Version=6.0.0.0, Culture=neutral, PublicKeyToken=cc7b13ffcd2ddd51'. El sistema no puede encontrar el archivo especificado.
File name: 'Microsoft.Bcl.AsyncInterfaces, Version=6.0.0.0, Culture=neutral, PublicKeyToken=cc7b13ffcd2ddd51'
 ---> System.IO.FileNotFoundException: Could not load file or assembly 'Microsoft.Bcl.AsyncInterfaces, Culture=neutral, PublicKeyToken=null'. El sistema no puede encontrar el archivo especificado.
File name: 'Microsoft.Bcl.AsyncInterfaces, Culture=neutral, PublicKeyToken=null'
   at System.Reflection.RuntimeAssembly.InternalLoad(AssemblyName assemblyName, StackCrawlMark& stackMark, AssemblyLoadContext assemblyLoadContext, RuntimeAssembly requestingAssembly, Boolean throwOnFileNotFound)
   at System.Reflection.Assembly.Load(AssemblyName assemblyRef)
   at Microsoft.VisualStudio.TestPlatform.Common.ExtensionFramework.TestPluginCache.CurrentDomainAssemblyResolve(Object sender, AssemblyResolveEventArgs args) in /_/src/Microsoft.TestPlatform.Common/ExtensionFramework/TestPluginCache.cs:line 513
   at System.Runtime.Loader.AssemblyLoadContext.GetFirstResolvedAssemblyFromResolvingEvent(AssemblyName assemblyName)
   at System.Runtime.Loader.AssemblyLoadContext.ResolveUsingEvent(AssemblyName assemblyName)
   at System.Runtime.Loader.AssemblyLoadContext.ResolveUsingResolvingEvent(IntPtr gchManagedAssemblyLoadContext, AssemblyName assemblyName)
TpTrace Warning: 0 : 10536, 1, 2024/05/25, 12:45:20.750, 5331372179677, vstest.console.dll, LoaderExceptions: System.IO.FileNotFoundException: Could not load file or assembly 'Microsoft.Bcl.AsyncInterfaces, Version=6.0.0.0, Culture=neutral, PublicKeyToken=cc7b13ffcd2ddd51'. El sistema no puede encontrar el archivo especificado.
File name: 'Microsoft.Bcl.AsyncInterfaces, Version=6.0.0.0, Culture=neutral, PublicKeyToken=cc7b13ffcd2ddd51'
 ---> System.IO.FileNotFoundException: Could not load file or assembly 'Microsoft.Bcl.AsyncInterfaces, Culture=neutral, PublicKeyToken=null'. El sistema no puede encontrar el archivo especificado.
File name: 'Microsoft.Bcl.AsyncInterfaces, Culture=neutral, PublicKeyToken=null'
   at System.Reflection.RuntimeAssembly.InternalLoad(AssemblyName assemblyName, StackCrawlMark& stackMark, AssemblyLoadContext assemblyLoadContext, RuntimeAssembly requestingAssembly, Boolean throwOnFileNotFound)
   at System.Reflection.Assembly.Load(AssemblyName assemblyRef)
   at Microsoft.VisualStudio.TestPlatform.Common.ExtensionFramework.TestPluginCache.CurrentDomainAssemblyResolve(Object sender, AssemblyResolveEventArgs args) in /_/src/Microsoft.TestPlatform.Common/ExtensionFramework/TestPluginCache.cs:line 513
   at System.Runtime.Loader.AssemblyLoadContext.GetFirstResolvedAssemblyFromResolvingEvent(AssemblyName assemblyName)
   at System.Runtime.Loader.AssemblyLoadContext.ResolveUsingEvent(AssemblyName assemblyName)
   at System.Runtime.Loader.AssemblyLoadContext.ResolveUsingResolvingEvent(IntPtr gchManagedAssemblyLoadContext, AssemblyName assemblyName)
TpTrace Information: 0 : 10536, 1, 2024/05/25, 12:45:20.750, 5331372181036, vstest.console.dll, AssemblyResolver.OnResolve: Microsoft.TestPlatform.Extensions.BlameDataCollector: Resolving assembly.
TpTrace Information: 0 : 10536, 1, 2024/05/25, 12:45:20.750, 5331372181677, vstest.console.dll, AssemblyResolver.OnResolve: Microsoft.TestPlatform.Extensions.BlameDataCollector: Searching in: 'C:\Program Files\dotnet\sdk\8.0.200-preview.23624.5\Extensions'.
TpTrace Information: 0 : 10536, 1, 2024/05/25, 12:45:20.750, 5331372184510, vstest.console.dll, AssemblyResolver.OnResolve: Microsoft.TestPlatform.Extensions.BlameDataCollector: Loading assembly 'C:\Program Files\dotnet\sdk\8.0.200-preview.23624.5\Extensions\Microsoft.TestPlatform.Extensions.BlameDataCollector.dll'.
TpTrace Information: 0 : 10536, 1, 2024/05/25, 12:45:20.751, 5331372188583, vstest.console.dll, AssemblyResolver.OnResolve: Resolved assembly: Microsoft.TestPlatform.Extensions.BlameDataCollector, from path: C:\Program Files\dotnet\sdk\8.0.200-preview.23624.5\Extensions\Microsoft.TestPlatform.Extensions.BlameDataCollector.dll
TpTrace Verbose: 0 : 10536, 1, 2024/05/25, 12:45:20.751, 5331372189388, vstest.console.dll, MetadataReaderExtensionsHelper: Discovering extensions inside assembly 'Microsoft.TestPlatform.Extensions.BlameDataCollector, Version=15.0.0.0, Culture=neutral, PublicKeyToken=b03f5f7f11d50a3a' file path 'C:\Program Files\dotnet\sdk\8.0.200-preview.23624.5\Extensions\Microsoft.TestPlatform.Extensions.BlameDataCollector.dll'
TpTrace Information: 0 : 10536, 1, 2024/05/25, 12:45:20.752, 5331372199045, vstest.console.dll, AssemblyResolver.OnResolve: Microsoft.TestPlatform.Extensions.EventLogCollector: Resolving assembly.
TpTrace Information: 0 : 10536, 1, 2024/05/25, 12:45:20.752, 5331372199741, vstest.console.dll, AssemblyResolver.OnResolve: Microsoft.TestPlatform.Extensions.EventLogCollector: Searching in: 'C:\Program Files\dotnet\sdk\8.0.200-preview.23624.5\Extensions'.
TpTrace Information: 0 : 10536, 1, 2024/05/25, 12:45:20.752, 5331372203033, vstest.console.dll, AssemblyResolver.OnResolve: Microsoft.TestPlatform.Extensions.EventLogCollector: Loading assembly 'C:\Program Files\dotnet\sdk\8.0.200-preview.23624.5\Extensions\Microsoft.TestPlatform.Extensions.EventLogCollector.dll'.
TpTrace Information: 0 : 10536, 1, 2024/05/25, 12:45:20.752, 5331372206261, vstest.console.dll, AssemblyResolver.OnResolve: Resolved assembly: Microsoft.TestPlatform.Extensions.EventLogCollector, from path: C:\Program Files\dotnet\sdk\8.0.200-preview.23624.5\Extensions\Microsoft.TestPlatform.Extensions.EventLogCollector.dll
TpTrace Verbose: 0 : 10536, 1, 2024/05/25, 12:45:20.752, 5331372207024, vstest.console.dll, MetadataReaderExtensionsHelper: Discovering extensions inside assembly 'Microsoft.TestPlatform.Extensions.EventLogCollector, Version=15.0.0.0, Culture=neutral, PublicKeyToken=b03f5f7f11d50a3a' file path 'C:\Program Files\dotnet\sdk\8.0.200-preview.23624.5\Extensions\Microsoft.TestPlatform.Extensions.EventLogCollector.dll'
TpTrace Information: 0 : 10536, 1, 2024/05/25, 12:45:20.754, 5331372221670, vstest.console.dll, AssemblyResolver.OnResolve: Microsoft.TestPlatform.TestHostRuntimeProvider: Resolving assembly.
TpTrace Information: 0 : 10536, 1, 2024/05/25, 12:45:20.754, 5331372222537, vstest.console.dll, AssemblyResolver.OnResolve: Microsoft.TestPlatform.TestHostRuntimeProvider: Searching in: 'C:\Program Files\dotnet\sdk\8.0.200-preview.23624.5\Extensions'.
TpTrace Information: 0 : 10536, 1, 2024/05/25, 12:45:20.754, 5331372225089, vstest.console.dll, AssemblyResolver.OnResolve: Microsoft.TestPlatform.TestHostRuntimeProvider: Loading assembly 'C:\Program Files\dotnet\sdk\8.0.200-preview.23624.5\Extensions\Microsoft.TestPlatform.TestHostRuntimeProvider.dll'.
TpTrace Information: 0 : 10536, 1, 2024/05/25, 12:45:20.755, 5331372228792, vstest.console.dll, AssemblyResolver.OnResolve: Resolved assembly: Microsoft.TestPlatform.TestHostRuntimeProvider, from path: C:\Program Files\dotnet\sdk\8.0.200-preview.23624.5\Extensions\Microsoft.TestPlatform.TestHostRuntimeProvider.dll
TpTrace Verbose: 0 : 10536, 1, 2024/05/25, 12:45:20.755, 5331372229616, vstest.console.dll, MetadataReaderExtensionsHelper: Discovering extensions inside assembly 'Microsoft.TestPlatform.TestHostRuntimeProvider, Version=15.0.0.0, Culture=neutral, PublicKeyToken=b03f5f7f11d50a3a' file path 'C:\Program Files\dotnet\sdk\8.0.200-preview.23624.5\Extensions\Microsoft.TestPlatform.TestHostRuntimeProvider.dll'
TpTrace Information: 0 : 10536, 1, 2024/05/25, 12:45:20.756, 5331372245910, vstest.console.dll, GetTestExtensionFromType: Register extension with identifier data 'HostProvider://DefaultTestHost' and type 'Microsoft.VisualStudio.TestPlatform.CrossPlatEngine.Hosting.DefaultTestHostManager, Microsoft.TestPlatform.TestHostRuntimeProvider, Version=15.0.0.0, Culture=neutral, PublicKeyToken=b03f5f7f11d50a3a' inside file 'C:\Program Files\dotnet\sdk\8.0.200-preview.23624.5\Extensions\Microsoft.TestPlatform.TestHostRuntimeProvider.dll'
TpTrace Information: 0 : 10536, 1, 2024/05/25, 12:45:20.757, 5331372248782, vstest.console.dll, GetTestExtensionFromType: Register extension with identifier data 'HostProvider://DotnetTestHost' and type 'Microsoft.VisualStudio.TestPlatform.CrossPlatEngine.Hosting.DotnetTestHostManager, Microsoft.TestPlatform.TestHostRuntimeProvider, Version=15.0.0.0, Culture=neutral, PublicKeyToken=b03f5f7f11d50a3a' inside file 'C:\Program Files\dotnet\sdk\8.0.200-preview.23624.5\Extensions\Microsoft.TestPlatform.TestHostRuntimeProvider.dll'
TpTrace Information: 0 : 10536, 1, 2024/05/25, 12:45:20.757, 5331372249768, vstest.console.dll, AssemblyResolver.OnResolve: Microsoft.VisualStudio.TestPlatform.Extensions.Html.TestLogger: Resolving assembly.
TpTrace Information: 0 : 10536, 1, 2024/05/25, 12:45:20.757, 5331372250545, vstest.console.dll, AssemblyResolver.OnResolve: Microsoft.VisualStudio.TestPlatform.Extensions.Html.TestLogger: Searching in: 'C:\Program Files\dotnet\sdk\8.0.200-preview.23624.5\Extensions'.
TpTrace Information: 0 : 10536, 1, 2024/05/25, 12:45:20.757, 5331372253642, vstest.console.dll, AssemblyResolver.OnResolve: Microsoft.VisualStudio.TestPlatform.Extensions.Html.TestLogger: Loading assembly 'C:\Program Files\dotnet\sdk\8.0.200-preview.23624.5\Extensions\Microsoft.VisualStudio.TestPlatform.Extensions.Html.TestLogger.dll'.
TpTrace Information: 0 : 10536, 1, 2024/05/25, 12:45:20.758, 5331372258457, vstest.console.dll, AssemblyResolver.OnResolve: Resolved assembly: Microsoft.VisualStudio.TestPlatform.Extensions.Html.TestLogger, from path: C:\Program Files\dotnet\sdk\8.0.200-preview.23624.5\Extensions\Microsoft.VisualStudio.TestPlatform.Extensions.Html.TestLogger.dll
TpTrace Verbose: 0 : 10536, 1, 2024/05/25, 12:45:20.758, 5331372259328, vstest.console.dll, MetadataReaderExtensionsHelper: Discovering extensions inside assembly 'Microsoft.VisualStudio.TestPlatform.Extensions.Html.TestLogger, Version=15.0.0.0, Culture=neutral, PublicKeyToken=b03f5f7f11d50a3a' file path 'C:\Program Files\dotnet\sdk\8.0.200-preview.23624.5\Extensions\Microsoft.VisualStudio.TestPlatform.Extensions.Html.TestLogger.dll'
TpTrace Information: 0 : 10536, 1, 2024/05/25, 12:45:20.758, 5331372265704, vstest.console.dll, AssemblyResolver.OnResolve: Microsoft.VisualStudio.TestPlatform.Extensions.Trx.TestLogger: Resolving assembly.
TpTrace Information: 0 : 10536, 1, 2024/05/25, 12:45:20.758, 5331372266686, vstest.console.dll, AssemblyResolver.OnResolve: Microsoft.VisualStudio.TestPlatform.Extensions.Trx.TestLogger: Searching in: 'C:\Program Files\dotnet\sdk\8.0.200-preview.23624.5\Extensions'.
TpTrace Information: 0 : 10536, 1, 2024/05/25, 12:45:20.759, 5331372269072, vstest.console.dll, AssemblyResolver.OnResolve: Microsoft.VisualStudio.TestPlatform.Extensions.Trx.TestLogger: Loading assembly 'C:\Program Files\dotnet\sdk\8.0.200-preview.23624.5\Extensions\Microsoft.VisualStudio.TestPlatform.Extensions.Trx.TestLogger.dll'.
TpTrace Information: 0 : 10536, 1, 2024/05/25, 12:45:20.759, 5331372273107, vstest.console.dll, AssemblyResolver.OnResolve: Resolved assembly: Microsoft.VisualStudio.TestPlatform.Extensions.Trx.TestLogger, from path: C:\Program Files\dotnet\sdk\8.0.200-preview.23624.5\Extensions\Microsoft.VisualStudio.TestPlatform.Extensions.Trx.TestLogger.dll
TpTrace Verbose: 0 : 10536, 1, 2024/05/25, 12:45:20.759, 5331372273838, vstest.console.dll, MetadataReaderExtensionsHelper: Discovering extensions inside assembly 'Microsoft.VisualStudio.TestPlatform.Extensions.Trx.TestLogger, Version=15.0.0.0, Culture=neutral, PublicKeyToken=b03f5f7f11d50a3a' file path 'C:\Program Files\dotnet\sdk\8.0.200-preview.23624.5\Extensions\Microsoft.VisualStudio.TestPlatform.Extensions.Trx.TestLogger.dll'
TpTrace Verbose: 0 : 10536, 1, 2024/05/25, 12:45:20.760, 5331372281647, vstest.console.dll, TestPluginCache: Discovered the extensions using extension path ''.
TpTrace Verbose: 0 : 10536, 1, 2024/05/25, 12:45:20.760, 5331372282397, vstest.console.dll, TestPluginCache: Discoverers are ''.
TpTrace Verbose: 0 : 10536, 1, 2024/05/25, 12:45:20.760, 5331372282815, vstest.console.dll, TestPluginCache: Executors are ''.
TpTrace Verbose: 0 : 10536, 1, 2024/05/25, 12:45:20.760, 5331372283210, vstest.console.dll, TestPluginCache: Executors2 are ''.
TpTrace Verbose: 0 : 10536, 1, 2024/05/25, 12:45:20.760, 5331372283596, vstest.console.dll, TestPluginCache: Setting providers are ''.
TpTrace Verbose: 0 : 10536, 1, 2024/05/25, 12:45:20.760, 5331372283985, vstest.console.dll, TestPluginCache: Loggers are ''.
TpTrace Verbose: 0 : 10536, 1, 2024/05/25, 12:45:20.760, 5331372286186, vstest.console.dll, TestPluginCache: TestHosts are 'HostProvider://DefaultTestHost,HostProvider://DotnetTestHost'.
TpTrace Verbose: 0 : 10536, 1, 2024/05/25, 12:45:20.760, 5331372286931, vstest.console.dll, TestPluginCache: DataCollectors are ''.
TpTrace Information: 0 : 10536, 1, 2024/05/25, 12:45:20.771, 5331372390997, vstest.console.dll, RunTestsArgumentProcessor:Execute: Test run is starting.
TpTrace Verbose: 0 : 10536, 1, 2024/05/25, 12:45:20.771, 5331372392352, vstest.console.dll, RunTestsArgumentProcessor:Execute: Queuing Test run.
TpTrace Information: 0 : 10536, 1, 2024/05/25, 12:45:20.771, 5331372396073, vstest.console.dll, TestRequestManager.RunTests: run tests started.
TpTrace Information: 0 : 10536, 1, 2024/05/25, 12:45:20.777, 5331372455894, vstest.console.dll, AssemblyMetadataProvider.GetFrameworkName: Determined framework:'.NETCoreApp,Version=v5.0' for source: 'C:\Users\aitor\source\repos\AseProda.Library\AseProda.Test\bin\Debug\net5.0\fine-code-coverage\build-output\AseProda.Test.dll'
TpTrace Information: 0 : 10536, 1, 2024/05/25, 12:45:20.778, 5331372457952, vstest.console.dll, Determined framework for all sources: .NETCoreApp,Version=v5.0
TpTrace Verbose: 0 : 10536, 1, 2024/05/25, 12:45:20.778, 5331372461013, vstest.console.dll, TestRequestManager.UpdateRunSettingsIfRequired: Default architecture: X64 IsDefaultTargetArchitecture: True, Current process architecture: X64 OperatingSystem: Windows.
TpTrace Information: 0 : 10536, 1, 2024/05/25, 12:45:20.779, 5331372475467, vstest.console.dll, AssemblyMetadataProvider.GetArchitecture: Determined architecture:AnyCPU info for assembly: C:\Users\aitor\source\repos\AseProda.Library\AseProda.Test\bin\Debug\net5.0\fine-code-coverage\build-output\AseProda.Test.dll
TpTrace Information: 0 : 10536, 1, 2024/05/25, 12:45:20.779, 5331372476343, vstest.console.dll, Determined platform for source 'C:\Users\aitor\source\repos\AseProda.Library\AseProda.Test\bin\Debug\net5.0\fine-code-coverage\build-output\AseProda.Test.dll' was AnyCPU and it will use the default plaform X64.
TpTrace Information: 0 : 10536, 1, 2024/05/25, 12:45:20.779, 5331372476768, vstest.console.dll, None of the sources provided any runnable platform, using the default platform: X64
TpTrace Information: 0 : 10536, 1, 2024/05/25, 12:45:20.780, 5331372477851, vstest.console.dll, Platform was updated to 'X64'.
TpTrace Information: 0 : 10536, 1, 2024/05/25, 12:45:20.782, 5331372505113, vstest.console.dll, InferRunSettingsHelper.IsTestSettingsEnabled: Unable to navigate to RunSettings/MSTest. Current node: RunSettings
TpTrace Information: 0 : 10536, 1, 2024/05/25, 12:45:20.783, 5331372511075, vstest.console.dll, AssemblyResolver.OnResolve: Microsoft.VisualStudio.TestPlatform.Fakes: Resolving assembly.
TpTrace Information: 0 : 10536, 1, 2024/05/25, 12:45:20.783, 5331372511917, vstest.console.dll, AssemblyResolver.OnResolve: Microsoft.VisualStudio.TestPlatform.Fakes: Searching in: 'C:\Program Files\dotnet\sdk\8.0.200-preview.23624.5\Extensions'.
TpTrace Information: 0 : 10536, 1, 2024/05/25, 12:45:20.783, 5331372512781, vstest.console.dll, AssemblyResolver.OnResolve: Microsoft.VisualStudio.TestPlatform.Fakes: Assembly path does not exist: 'C:\Program Files\dotnet\sdk\8.0.200-preview.23624.5\Extensions\Microsoft.VisualStudio.TestPlatform.Fakes.dll', returning.
TpTrace Information: 0 : 10536, 1, 2024/05/25, 12:45:20.783, 5331372513517, vstest.console.dll, AssemblyResolver.OnResolve: Microsoft.VisualStudio.TestPlatform.Fakes: Assembly path does not exist: 'C:\Program Files\dotnet\sdk\8.0.200-preview.23624.5\Extensions\Microsoft.VisualStudio.TestPlatform.Fakes.exe', returning.
TpTrace Information: 0 : 10536, 1, 2024/05/25, 12:45:20.783, 5331372513983, vstest.console.dll, AssemblyResolver.OnResolve: Microsoft.VisualStudio.TestPlatform.Fakes: Searching in: 'C:\Program Files\dotnet\sdk\8.0.200-preview.23624.5'.
TpTrace Information: 0 : 10536, 1, 2024/05/25, 12:45:20.783, 5331372514704, vstest.console.dll, AssemblyResolver.OnResolve: Microsoft.VisualStudio.TestPlatform.Fakes: Assembly path does not exist: 'C:\Program Files\dotnet\sdk\8.0.200-preview.23624.5\Microsoft.VisualStudio.TestPlatform.Fakes.dll', returning.
TpTrace Information: 0 : 10536, 1, 2024/05/25, 12:45:20.783, 5331372515413, vstest.console.dll, AssemblyResolver.OnResolve: Microsoft.VisualStudio.TestPlatform.Fakes: Assembly path does not exist: 'C:\Program Files\dotnet\sdk\8.0.200-preview.23624.5\Microsoft.VisualStudio.TestPlatform.Fakes.exe', returning.
TpTrace Information: 0 : 10536, 1, 2024/05/25, 12:45:20.783, 5331372515888, vstest.console.dll, AssemblyResolver.OnResolve: Microsoft.VisualStudio.TestPlatform.Fakes: Failed to load assembly.
TpTrace Information: 0 : 10536, 1, 2024/05/25, 12:45:20.784, 5331372518249, vstest.console.dll, Failed to load assembly Microsoft.VisualStudio.TestPlatform.Fakes, Version=17.0.0.0, Culture=neutral. Reason:System.IO.FileNotFoundException: Could not load file or assembly 'Microsoft.VisualStudio.TestPlatform.Fakes, Version=17.0.0.0, Culture=neutral, PublicKeyToken=null'. El sistema no puede encontrar el archivo especificado.
File name: 'Microsoft.VisualStudio.TestPlatform.Fakes, Version=17.0.0.0, Culture=neutral, PublicKeyToken=null'
   at System.Reflection.RuntimeAssembly.InternalLoad(AssemblyName assemblyName, StackCrawlMark& stackMark, AssemblyLoadContext assemblyLoadContext, RuntimeAssembly requestingAssembly, Boolean throwOnFileNotFound)
   at System.Reflection.Assembly.Load(AssemblyName assemblyRef)
   at Microsoft.VisualStudio.TestPlatform.Common.Utilities.FakesUtilities.LoadTestPlatformAssembly() in /_/src/Microsoft.TestPlatform.Common/Utilities/FakesUtilities.cs:line 272
TpTrace Verbose: 0 : 10536, 1, 2024/05/25, 12:45:20.786, 5331372544270, vstest.console.dll, TestPluginCache.DiscoverTestExtensions: finding test extensions in assemblies ends with: TestLogger.dll TPluginInfo: Microsoft.VisualStudio.TestPlatform.Common.ExtensionFramework.Utilities.TestLoggerPluginInformation TExtension: Microsoft.VisualStudio.TestPlatform.ObjectModel.Client.ITestLogger
TpTrace Verbose: 0 : 10536, 1, 2024/05/25, 12:45:20.786, 5331372545451, vstest.console.dll, TestPluginCache.GetExtensionPaths: Filtered extension paths: 
TpTrace Verbose: 0 : 10536, 1, 2024/05/25, 12:45:20.786, 5331372545934, vstest.console.dll, TestPluginCache.GetExtensionPaths: Added default extension paths: C:\Program Files\dotnet\sdk\8.0.200-preview.23624.5\Extensions\Microsoft.Diagnostics.NETCore.Client.dll
C:\Program Files\dotnet\sdk\8.0.200-preview.23624.5\Extensions\Microsoft.TestPlatform.Extensions.BlameDataCollector.dll
C:\Program Files\dotnet\sdk\8.0.200-preview.23624.5\Extensions\Microsoft.TestPlatform.Extensions.EventLogCollector.dll
C:\Program Files\dotnet\sdk\8.0.200-preview.23624.5\Extensions\Microsoft.TestPlatform.TestHostRuntimeProvider.dll
C:\Program Files\dotnet\sdk\8.0.200-preview.23624.5\Extensions\Microsoft.VisualStudio.TestPlatform.Extensions.Html.TestLogger.dll
C:\Program Files\dotnet\sdk\8.0.200-preview.23624.5\Extensions\Microsoft.VisualStudio.TestPlatform.Extensions.Trx.TestLogger.dll
TpTrace Verbose: 0 : 10536, 1, 2024/05/25, 12:45:20.786, 5331372546392, vstest.console.dll, TestPluginCache.GetExtensionPaths: Added unfilterableExtensionPaths: 
TpTrace Information: 0 : 10536, 1, 2024/05/25, 12:45:20.787, 5331372547510, vstest.console.dll, AssemblyResolver.AddSearchDirectories: Adding more searchDirectories C:\Program Files\dotnet\sdk\8.0.200-preview.23624.5\Extensions,C:\Program Files\dotnet\sdk\8.0.200-preview.23624.5
TpTrace Verbose: 0 : 10536, 1, 2024/05/25, 12:45:20.787, 5331372548050, vstest.console.dll, TestPluginCache.DiscoverTestExtensions: Discovering the extensions using extension path.
TpTrace Verbose: 0 : 10536, 1, 2024/05/25, 12:45:20.787, 5331372548833, vstest.console.dll, TestPluginCache.GetExtensionPaths: Filtered extension paths: 
TpTrace Verbose: 0 : 10536, 1, 2024/05/25, 12:45:20.787, 5331372549329, vstest.console.dll, TestPluginCache.GetExtensionPaths: Added default extension paths: C:\Program Files\dotnet\sdk\8.0.200-preview.23624.5\Extensions\Microsoft.Diagnostics.NETCore.Client.dll
C:\Program Files\dotnet\sdk\8.0.200-preview.23624.5\Extensions\Microsoft.TestPlatform.Extensions.BlameDataCollector.dll
C:\Program Files\dotnet\sdk\8.0.200-preview.23624.5\Extensions\Microsoft.TestPlatform.Extensions.EventLogCollector.dll
C:\Program Files\dotnet\sdk\8.0.200-preview.23624.5\Extensions\Microsoft.TestPlatform.TestHostRuntimeProvider.dll
C:\Program Files\dotnet\sdk\8.0.200-preview.23624.5\Extensions\Microsoft.VisualStudio.TestPlatform.Extensions.Html.TestLogger.dll
C:\Program Files\dotnet\sdk\8.0.200-preview.23624.5\Extensions\Microsoft.VisualStudio.TestPlatform.Extensions.Trx.TestLogger.dll
TpTrace Verbose: 0 : 10536, 1, 2024/05/25, 12:45:20.787, 5331372549744, vstest.console.dll, TestPluginCache.GetExtensionPaths: Added unfilterableExtensionPaths: 
TpTrace Verbose: 0 : 10536, 1, 2024/05/25, 12:45:20.787, 5331372550251, vstest.console.dll, TestPluginCache.DiscoverTestExtensions: Discovering the extensions using allExtensionPaths: C:\Program Files\dotnet\sdk\8.0.200-preview.23624.5\Extensions\Microsoft.Diagnostics.NETCore.Client.dll
C:\Program Files\dotnet\sdk\8.0.200-preview.23624.5\Extensions\Microsoft.TestPlatform.Extensions.BlameDataCollector.dll
C:\Program Files\dotnet\sdk\8.0.200-preview.23624.5\Extensions\Microsoft.TestPlatform.Extensions.EventLogCollector.dll
C:\Program Files\dotnet\sdk\8.0.200-preview.23624.5\Extensions\Microsoft.TestPlatform.TestHostRuntimeProvider.dll
C:\Program Files\dotnet\sdk\8.0.200-preview.23624.5\Extensions\Microsoft.VisualStudio.TestPlatform.Extensions.Html.TestLogger.dll
C:\Program Files\dotnet\sdk\8.0.200-preview.23624.5\Extensions\Microsoft.VisualStudio.TestPlatform.Extensions.Trx.TestLogger.dll
TpTrace Information: 0 : 10536, 1, 2024/05/25, 12:45:20.787, 5331372550832, vstest.console.dll, AssemblyResolver.AddSearchDirectories: Adding more searchDirectories C:\Program Files\dotnet\sdk\8.0.200-preview.23624.5\Extensions,C:\Program Files\dotnet\sdk\8.0.200-preview.23624.5
TpTrace Information: 0 : 10536, 1, 2024/05/25, 12:45:20.787, 5331372551301, vstest.console.dll, AssemblyResolver.AddSearchDirectories: Adding more searchDirectories C:\Program Files\dotnet\sdk\8.0.200-preview.23624.5\Extensions,C:\Program Files\dotnet\sdk\8.0.200-preview.23624.5
TpTrace Information: 0 : 10536, 1, 2024/05/25, 12:45:20.787, 5331372551901, vstest.console.dll, AssemblyResolver.AddSearchDirectories: Adding more searchDirectories C:\Program Files\dotnet\sdk\8.0.200-preview.23624.5\Extensions,C:\Program Files\dotnet\sdk\8.0.200-preview.23624.5
TpTrace Information: 0 : 10536, 1, 2024/05/25, 12:45:20.787, 5331372552373, vstest.console.dll, AssemblyResolver.AddSearchDirectories: Adding more searchDirectories C:\Program Files\dotnet\sdk\8.0.200-preview.23624.5\Extensions,C:\Program Files\dotnet\sdk\8.0.200-preview.23624.5
TpTrace Information: 0 : 10536, 1, 2024/05/25, 12:45:20.787, 5331372552805, vstest.console.dll, AssemblyResolver.AddSearchDirectories: Adding more searchDirectories C:\Program Files\dotnet\sdk\8.0.200-preview.23624.5\Extensions,C:\Program Files\dotnet\sdk\8.0.200-preview.23624.5
TpTrace Information: 0 : 10536, 1, 2024/05/25, 12:45:20.787, 5331372553228, vstest.console.dll, AssemblyResolver.AddSearchDirectories: Adding more searchDirectories C:\Program Files\dotnet\sdk\8.0.200-preview.23624.5\Extensions,C:\Program Files\dotnet\sdk\8.0.200-preview.23624.5
TpTrace Verbose: 0 : 10536, 1, 2024/05/25, 12:45:20.787, 5331372554302, vstest.console.dll, MetadataReaderExtensionsHelper: Discovering extensions inside assembly 'Microsoft.Diagnostics.NETCore.Client, Version=0.2.9.2401, Culture=neutral, PublicKeyToken=31bf3856ad364e35' file path 'C:\Program Files\dotnet\sdk\8.0.200-preview.23624.5\Extensions\Microsoft.Diagnostics.NETCore.Client.dll'
TpTrace Information: 0 : 10536, 1, 2024/05/25, 12:45:20.788, 5331372560477, vstest.console.dll, AssemblyResolver.OnResolve: Microsoft.Bcl.AsyncInterfaces: Resolving assembly.
TpTrace Information: 0 : 10536, 1, 2024/05/25, 12:45:20.788, 5331372561155, vstest.console.dll, AssemblyResolver.OnResolve: Microsoft.Bcl.AsyncInterfaces: Resolved from cache.
TpTrace Verbose: 0 : 10536, 1, 2024/05/25, 12:45:20.788, 5331372561659, vstest.console.dll, CurrentDomainAssemblyResolve: Resolving assembly 'Microsoft.Bcl.AsyncInterfaces'.
TpTrace Information: 0 : 10536, 1, 2024/05/25, 12:45:20.788, 5331372562228, vstest.console.dll, AssemblyResolver.OnResolve: Microsoft.Bcl.AsyncInterfaces: Resolving assembly.
TpTrace Information: 0 : 10536, 1, 2024/05/25, 12:45:20.788, 5331372562727, vstest.console.dll, AssemblyResolver.OnResolve: Microsoft.Bcl.AsyncInterfaces: Resolved from cache.
TpTrace Verbose: 0 : 10536, 1, 2024/05/25, 12:45:20.788, 5331372563124, vstest.console.dll, CurrentDomainAssemblyResolve: Resolving assembly 'Microsoft.Bcl.AsyncInterfaces'.
TpTrace Verbose: 0 : 10536, 1, 2024/05/25, 12:45:20.788, 5331372563518, vstest.console.dll, CurrentDomainAssemblyResolve: Failed to resolve assembly 'Microsoft.Bcl.AsyncInterfaces'.
TpTrace Verbose: 0 : 10536, 1, 2024/05/25, 12:45:20.788, 5331372564849, vstest.console.dll, CurrentDomainAssemblyResolve: Failed to resolve assembly 'Microsoft.Bcl.AsyncInterfaces'.
TpTrace Warning: 0 : 10536, 1, 2024/05/25, 12:45:20.789, 5331372567706, vstest.console.dll, TestPluginDiscoverer: Failed to get types from assembly 'Microsoft.Diagnostics.NETCore.Client, Version=0.2.9.2401, Culture=neutral, PublicKeyToken=31bf3856ad364e35'. Error: System.Reflection.ReflectionTypeLoadException: Unable to load one or more of the requested types.
Could not load file or assembly 'Microsoft.Bcl.AsyncInterfaces, Version=6.0.0.0, Culture=neutral, PublicKeyToken=cc7b13ffcd2ddd51'. El sistema no puede encontrar el archivo especificado.
   at System.Reflection.RuntimeModule.GetTypes(RuntimeModule module)
   at System.Reflection.RuntimeModule.GetTypes()
   at Microsoft.VisualStudio.TestPlatform.Common.ExtensionFramework.TestPluginDiscoverer.GetTestExtensionsFromAssembly[TPluginInfo,TExtension](Assembly assembly, Dictionary`2 pluginInfos, String filePath) in /_/src/Microsoft.TestPlatform.Common/ExtensionFramework/TestPluginDiscoverer.cs:line 158
System.IO.FileNotFoundException: Could not load file or assembly 'Microsoft.Bcl.AsyncInterfaces, Version=6.0.0.0, Culture=neutral, PublicKeyToken=cc7b13ffcd2ddd51'. El sistema no puede encontrar el archivo especificado.
File name: 'Microsoft.Bcl.AsyncInterfaces, Version=6.0.0.0, Culture=neutral, PublicKeyToken=cc7b13ffcd2ddd51'
 ---> System.IO.FileNotFoundException: Could not load file or assembly 'Microsoft.Bcl.AsyncInterfaces, Culture=neutral, PublicKeyToken=null'. El sistema no puede encontrar el archivo especificado.
File name: 'Microsoft.Bcl.AsyncInterfaces, Culture=neutral, PublicKeyToken=null'
   at System.Reflection.RuntimeAssembly.InternalLoad(AssemblyName assemblyName, StackCrawlMark& stackMark, AssemblyLoadContext assemblyLoadContext, RuntimeAssembly requestingAssembly, Boolean throwOnFileNotFound)
   at System.Reflection.Assembly.Load(AssemblyName assemblyRef)
   at Microsoft.VisualStudio.TestPlatform.Common.ExtensionFramework.TestPluginCache.CurrentDomainAssemblyResolve(Object sender, AssemblyResolveEventArgs args) in /_/src/Microsoft.TestPlatform.Common/ExtensionFramework/TestPluginCache.cs:line 513
   at System.Runtime.Loader.AssemblyLoadContext.GetFirstResolvedAssemblyFromResolvingEvent(AssemblyName assemblyName)
   at System.Runtime.Loader.AssemblyLoadContext.ResolveUsingEvent(AssemblyName assemblyName)
   at System.Runtime.Loader.AssemblyLoadContext.ResolveUsingResolvingEvent(IntPtr gchManagedAssemblyLoadContext, AssemblyName assemblyName)
TpTrace Warning: 0 : 10536, 1, 2024/05/25, 12:45:20.789, 5331372569251, vstest.console.dll, LoaderExceptions: System.IO.FileNotFoundException: Could not load file or assembly 'Microsoft.Bcl.AsyncInterfaces, Version=6.0.0.0, Culture=neutral, PublicKeyToken=cc7b13ffcd2ddd51'. El sistema no puede encontrar el archivo especificado.
File name: 'Microsoft.Bcl.AsyncInterfaces, Version=6.0.0.0, Culture=neutral, PublicKeyToken=cc7b13ffcd2ddd51'
 ---> System.IO.FileNotFoundException: Could not load file or assembly 'Microsoft.Bcl.AsyncInterfaces, Culture=neutral, PublicKeyToken=null'. El sistema no puede encontrar el archivo especificado.
File name: 'Microsoft.Bcl.AsyncInterfaces, Culture=neutral, PublicKeyToken=null'
   at System.Reflection.RuntimeAssembly.InternalLoad(AssemblyName assemblyName, StackCrawlMark& stackMark, AssemblyLoadContext assemblyLoadContext, RuntimeAssembly requestingAssembly, Boolean throwOnFileNotFound)
   at System.Reflection.Assembly.Load(AssemblyName assemblyRef)
   at Microsoft.VisualStudio.TestPlatform.Common.ExtensionFramework.TestPluginCache.CurrentDomainAssemblyResolve(Object sender, AssemblyResolveEventArgs args) in /_/src/Microsoft.TestPlatform.Common/ExtensionFramework/TestPluginCache.cs:line 513
   at System.Runtime.Loader.AssemblyLoadContext.GetFirstResolvedAssemblyFromResolvingEvent(AssemblyName assemblyName)
   at System.Runtime.Loader.AssemblyLoadContext.ResolveUsingEvent(AssemblyName assemblyName)
   at System.Runtime.Loader.AssemblyLoadContext.ResolveUsingResolvingEvent(IntPtr gchManagedAssemblyLoadContext, AssemblyName assemblyName)
TpTrace Verbose: 0 : 10536, 1, 2024/05/25, 12:45:20.789, 5331372570237, vstest.console.dll, MetadataReaderExtensionsHelper: Discovering extensions inside assembly 'Microsoft.TestPlatform.Extensions.BlameDataCollector, Version=15.0.0.0, Culture=neutral, PublicKeyToken=b03f5f7f11d50a3a' file path 'C:\Program Files\dotnet\sdk\8.0.200-preview.23624.5\Extensions\Microsoft.TestPlatform.Extensions.BlameDataCollector.dll'
TpTrace Information: 0 : 10536, 1, 2024/05/25, 12:45:20.789, 5331372574112, vstest.console.dll, GetTestExtensionFromType: Register extension with identifier data 'logger://Microsoft/TestPlatform/Extensions/Blame/v1' and type 'Microsoft.TestPlatform.Extensions.BlameDataCollector.BlameLogger, Microsoft.TestPlatform.Extensions.BlameDataCollector, Version=15.0.0.0, Culture=neutral, PublicKeyToken=b03f5f7f11d50a3a' inside file 'C:\Program Files\dotnet\sdk\8.0.200-preview.23624.5\Extensions\Microsoft.TestPlatform.Extensions.BlameDataCollector.dll'
TpTrace Verbose: 0 : 10536, 1, 2024/05/25, 12:45:20.789, 5331372574802, vstest.console.dll, MetadataReaderExtensionsHelper: Discovering extensions inside assembly 'Microsoft.TestPlatform.Extensions.EventLogCollector, Version=15.0.0.0, Culture=neutral, PublicKeyToken=b03f5f7f11d50a3a' file path 'C:\Program Files\dotnet\sdk\8.0.200-preview.23624.5\Extensions\Microsoft.TestPlatform.Extensions.EventLogCollector.dll'
TpTrace Verbose: 0 : 10536, 1, 2024/05/25, 12:45:20.789, 5331372577173, vstest.console.dll, MetadataReaderExtensionsHelper: Discovering extensions inside assembly 'Microsoft.TestPlatform.TestHostRuntimeProvider, Version=15.0.0.0, Culture=neutral, PublicKeyToken=b03f5f7f11d50a3a' file path 'C:\Program Files\dotnet\sdk\8.0.200-preview.23624.5\Extensions\Microsoft.TestPlatform.TestHostRuntimeProvider.dll'
TpTrace Verbose: 0 : 10536, 1, 2024/05/25, 12:45:20.790, 5331372579664, vstest.console.dll, MetadataReaderExtensionsHelper: Discovering extensions inside assembly 'Microsoft.VisualStudio.TestPlatform.Extensions.Html.TestLogger, Version=15.0.0.0, Culture=neutral, PublicKeyToken=b03f5f7f11d50a3a' file path 'C:\Program Files\dotnet\sdk\8.0.200-preview.23624.5\Extensions\Microsoft.VisualStudio.TestPlatform.Extensions.Html.TestLogger.dll'
TpTrace Information: 0 : 10536, 1, 2024/05/25, 12:45:20.790, 5331372584200, vstest.console.dll, GetTestExtensionFromType: Register extension with identifier data 'logger://Microsoft/TestPlatform/HtmlLogger/v1' and type 'Microsoft.VisualStudio.TestPlatform.Extensions.HtmlLogger.HtmlLogger, Microsoft.VisualStudio.TestPlatform.Extensions.Html.TestLogger, Version=15.0.0.0, Culture=neutral, PublicKeyToken=b03f5f7f11d50a3a' inside file 'C:\Program Files\dotnet\sdk\8.0.200-preview.23624.5\Extensions\Microsoft.VisualStudio.TestPlatform.Extensions.Html.TestLogger.dll'
TpTrace Verbose: 0 : 10536, 1, 2024/05/25, 12:45:20.790, 5331372584906, vstest.console.dll, MetadataReaderExtensionsHelper: Discovering extensions inside assembly 'Microsoft.VisualStudio.TestPlatform.Extensions.Trx.TestLogger, Version=15.0.0.0, Culture=neutral, PublicKeyToken=b03f5f7f11d50a3a' file path 'C:\Program Files\dotnet\sdk\8.0.200-preview.23624.5\Extensions\Microsoft.VisualStudio.TestPlatform.Extensions.Trx.TestLogger.dll'
TpTrace Information: 0 : 10536, 1, 2024/05/25, 12:45:20.791, 5331372587927, vstest.console.dll, GetTestExtensionFromType: Register extension with identifier data 'logger://Microsoft/TestPlatform/TrxLogger/v1' and type 'Microsoft.VisualStudio.TestPlatform.Extensions.TrxLogger.TrxLogger, Microsoft.VisualStudio.TestPlatform.Extensions.Trx.TestLogger, Version=15.0.0.0, Culture=neutral, PublicKeyToken=b03f5f7f11d50a3a' inside file 'C:\Program Files\dotnet\sdk\8.0.200-preview.23624.5\Extensions\Microsoft.VisualStudio.TestPlatform.Extensions.Trx.TestLogger.dll'
TpTrace Verbose: 0 : 10536, 1, 2024/05/25, 12:45:20.791, 5331372588683, vstest.console.dll, TestPluginCache: Discovered the extensions using extension path ''.
TpTrace Verbose: 0 : 10536, 1, 2024/05/25, 12:45:20.791, 5331372589118, vstest.console.dll, TestPluginCache: Discoverers are ''.
TpTrace Verbose: 0 : 10536, 1, 2024/05/25, 12:45:20.791, 5331372589497, vstest.console.dll, TestPluginCache: Executors are ''.
TpTrace Verbose: 0 : 10536, 1, 2024/05/25, 12:45:20.791, 5331372589867, vstest.console.dll, TestPluginCache: Executors2 are ''.
TpTrace Verbose: 0 : 10536, 1, 2024/05/25, 12:45:20.791, 5331372590228, vstest.console.dll, TestPluginCache: Setting providers are ''.
TpTrace Verbose: 0 : 10536, 1, 2024/05/25, 12:45:20.791, 5331372590925, vstest.console.dll, TestPluginCache: Loggers are 'logger://Microsoft/TestPlatform/Extensions/Blame/v1,logger://Microsoft/TestPlatform/HtmlLogger/v1,logger://Microsoft/TestPlatform/TrxLogger/v1'.
TpTrace Verbose: 0 : 10536, 1, 2024/05/25, 12:45:20.791, 5331372591551, vstest.console.dll, TestPluginCache: TestHosts are 'HostProvider://DefaultTestHost,HostProvider://DotnetTestHost'.
TpTrace Verbose: 0 : 10536, 1, 2024/05/25, 12:45:20.791, 5331372591965, vstest.console.dll, TestPluginCache: DataCollectors are ''.
TpTrace Information: 0 : 10536, 1, 2024/05/25, 12:45:20.792, 5331372598272, vstest.console.dll, TestPluginManager.CreateTestExtension: Attempting to load test extension: Microsoft.TestPlatform.Extensions.BlameDataCollector.BlameLogger
TpTrace Verbose: 0 : 10536, 1, 2024/05/25, 12:45:20.797, 5331372653765, vstest.console.dll, TestEngine: Initializing Parallel Execution as MaxCpuCount is set to: 1
TpTrace Information: 0 : 10536, 1, 2024/05/25, 12:45:20.798, 5331372665856, vstest.console.dll, TestPluginManager.CreateTestExtension: Attempting to load test extension: Microsoft.VisualStudio.TestPlatform.CrossPlatEngine.Hosting.DefaultTestHostManager
TpTrace Information: 0 : 10536, 1, 2024/05/25, 12:45:20.799, 5331372671922, vstest.console.dll, TestPluginManager.CreateTestExtension: Attempting to load test extension: Microsoft.VisualStudio.TestPlatform.CrossPlatEngine.Hosting.DotnetTestHostManager
TpTrace Information: 0 : 10536, 1, 2024/05/25, 12:45:20.799, 5331372676473, vstest.console.dll, InferRunSettingsHelper.IsTestSettingsEnabled: Unable to navigate to RunSettings/MSTest. Current node: RunSettings
TpTrace Verbose: 0 : 10536, 1, 2024/05/25, 12:45:20.800, 5331372682768, vstest.console.dll, ParallelOperationManager.ClearSlots: Clearing all slots. Slots should accept more work: True
TpTrace Verbose: 0 : 10536, 1, 2024/05/25, 12:45:20.801, 5331372688145, vstest.console.dll, ParallelOperationManager.SetOccupiedSlotCount: Setting slot counts AvailableSlotCount = 3, OccupiedSlotCount = 0.
TpTrace Verbose: 0 : 10536, 1, 2024/05/25, 12:45:20.801, 5331372691170, vstest.console.dll, Occupied slots:

TpTrace Verbose: 0 : 10536, 1, 2024/05/25, 12:45:20.804, 5331372718744, vstest.console.dll, TestEngine.GetExecutionManager: Chosen execution manager 'Microsoft.VisualStudio.TestPlatform.CrossPlatEngine.Client.Parallel.ParallelProxyExecutionManager, Microsoft.TestPlatform.CrossPlatEngine, Version=15.0.0.0, Culture=neutral, PublicKeyToken=b03f5f7f11d50a3a' ParallelLevel '1'.
TpTrace Verbose: 0 : 10536, 1, 2024/05/25, 12:45:20.804, 5331372720249, vstest.console.dll, TestRunRequest.ExecuteAsync: Creating test run request.
TpTrace Verbose: 0 : 10536, 1, 2024/05/25, 12:45:20.804, 5331372722378, vstest.console.dll, TestRunRequest.ExecuteAsync: Starting.
TpTrace Information: 0 : 10536, 1, 2024/05/25, 12:45:20.805, 5331372733271, vstest.console.dll, TestRunRequest.ExecuteAsync: Starting run with settings:TestRunCriteria:
   KeepAlive=False,FrequencyOfRunStatsChangeEvent=10,RunStatsChangeEventTimeout=00:00:01.5000000,TestCaseFilter=,TestExecutorLauncher=
   Settingsxml=<RunSettings>
  <RunConfiguration>
    <ResultsDirectory>C:\Users\aitor\source\repos\AseProda.Library\AseProda.Test\bin\Debug\net5.0\fine-code-coverage\coverage-tool-output</ResultsDirectory>
    <TargetPlatform>X64</TargetPlatform>
    <TargetFrameworkVersion>.NETCoreApp,Version=v5.0</TargetFrameworkVersion>
    <DesignMode>False</DesignMode>
    <CollectSourceInformation>False</CollectSourceInformation>
  </RunConfiguration>
  <LoggerRunSettings>
    <Loggers>
      <Logger friendlyName="blame" enabled="True" />
      <Logger friendlyName="Console" uri="logger://microsoft/TestPlatform/ConsoleLogger/v1" assemblyQualifiedName="Microsoft.VisualStudio.TestPlatform.CommandLine.Internal.ConsoleLogger, vstest.console, Version=15.0.0.0, Culture=neutral, PublicKeyToken=b03f5f7f11d50a3a" codeBase="C:\Program Files\dotnet\sdk\8.0.200-preview.23624.5\vstest.console.dll" enabled="True" />
    </Loggers>
  </LoggerRunSettings>
  <DataCollectionRunSettings>
    <DataCollectors>
      <DataCollector friendlyName="blame" enabled="True">
        <Configuration>
          <ResultsDirectory>C:\Users\aitor\source\repos\AseProda.Library\AseProda.Test\bin\Debug\net5.0\fine-code-coverage\coverage-tool-output</ResultsDirectory>
        </Configuration>
      </DataCollector>
    </DataCollectors>
  </DataCollectionRunSettings>
</RunSettings>

TpTrace Verbose: 0 : 10536, 1, 2024/05/25, 12:45:20.805, 5331372734033, vstest.console.dll, TestRunRequest.ExecuteAsync: Wait for the first run request is over.
TpTrace Verbose: 0 : 10536, 1, 2024/05/25, 12:45:20.805, 5331372736707, vstest.console.dll, MulticastDelegateUtilities.SafeInvoke: TestRun.TestRunStart: Invoking callbacks was skipped because there are no subscribers.
TpTrace Verbose: 0 : 10536, 4, 2024/05/25, 12:45:20.806, 5331372738440, vstest.console.dll, MulticastDelegateUtilities.SafeInvoke: InternalTestLoggerEvents.SendTestRunStart: Invoking callback 1/1 for Microsoft.VisualStudio.TestPlatform.CommandLine.Internal.ConsoleLogger., took 0 ms.
TpTrace Verbose: 0 : 10536, 1, 2024/05/25, 12:45:20.806, 5331372745637, vstest.console.dll, ParallelProxyExecutionManager: Start execution. Total sources: 1
TpTrace Verbose: 0 : 10536, 1, 2024/05/25, 12:45:20.807, 5331372748785, vstest.console.dll, ParallelOperationManager.StartWork: Starting adding 1 workloads.
TpTrace Verbose: 0 : 10536, 1, 2024/05/25, 12:45:20.807, 5331372749570, vstest.console.dll, ParallelOperationManager.ClearSlots: Clearing all slots. Slots should accept more work: True
TpTrace Verbose: 0 : 10536, 1, 2024/05/25, 12:45:20.807, 5331372750306, vstest.console.dll, ParallelOperationManager.SetOccupiedSlotCount: Setting slot counts AvailableSlotCount = 3, OccupiedSlotCount = 0.
TpTrace Verbose: 0 : 10536, 1, 2024/05/25, 12:45:20.807, 5331372750796, vstest.console.dll, Occupied slots:

TpTrace Verbose: 0 : 10536, 1, 2024/05/25, 12:45:20.808, 5331372763272, vstest.console.dll, TestRequestSender is acting as server.
TpTrace Verbose: 0 : 10536, 1, 2024/05/25, 12:45:20.809, 5331372775238, vstest.console.dll, ParallelOperationManager.RunWorkInParallel: Adding 1 workload to slot, remaining workloads 0.
TpTrace Verbose: 0 : 10536, 1, 2024/05/25, 12:45:20.809, 5331372776151, vstest.console.dll, ParallelOperationManager.SetOccupiedSlotCount: Setting slot counts AvailableSlotCount = 2, OccupiedSlotCount = 1.
TpTrace Verbose: 0 : 10536, 1, 2024/05/25, 12:45:20.809, 5331372777352, vstest.console.dll, Occupied slots:
0: C:\Users\aitor\source\repos\AseProda.Library\AseProda.Test\bin\Debug\net5.0\fine-code-coverage\build-output\AseProda.Test.dll
TpTrace Verbose: 0 : 10536, 1, 2024/05/25, 12:45:20.810, 5331372786475, vstest.console.dll, ParallelOperationManager.RunWorkInParallel: Started host in slot number 0 for work (source): C:\Users\aitor\source\repos\AseProda.Library\AseProda.Test\bin\Debug\net5.0\fine-code-coverage\build-output\AseProda.Test.dll.
TpTrace Verbose: 0 : 10536, 1, 2024/05/25, 12:45:20.811, 5331372796367, vstest.console.dll, ParallelOperationManager.RunWorkInParallel: We started 1 work items, which is the max parallel level. Won't start more work.
TpTrace Verbose: 0 : 10536, 1, 2024/05/25, 12:45:20.811, 5331372797212, vstest.console.dll, ParallelOperationManager.RunWorkInParallel: We started 1 work items in here, returning True.
TpTrace Information: 0 : 10536, 1, 2024/05/25, 12:45:20.812, 5331372797688, vstest.console.dll, TestRunRequest.ExecuteAsync: Started.
TpTrace Verbose: 0 : 10536, 5, 2024/05/25, 12:45:20.812, 5331372798905, vstest.console.dll, ParallelProxyExecutionManager.StartTestRunOnConcurrentManager: Initializing uninitialized client. Started clients: 0
TpTrace Verbose: 0 : 10536, 5, 2024/05/25, 12:45:20.812, 5331372800339, vstest.console.dll, DataCollectionRequestSender.InitializeCommunication : Initialize communication. 
TpTrace Verbose: 0 : 10536, 1, 2024/05/25, 12:45:20.812, 5331372803011, vstest.console.dll, TestRunRequest.WaitForCompletion: Waiting with timeout -1.
TpTrace Information: 0 : 10536, 5, 2024/05/25, 12:45:20.819, 5331372877087, vstest.console.dll, Listening on Endpoint : 127.0.0.1:54594
TpTrace Verbose: 0 : 10536, 5, 2024/05/25, 12:45:20.825, 5331372932011, vstest.console.dll, DotnetDataCollectionLauncher: Adding  --runtimeconfig "C:\Program Files\dotnet\sdk\8.0.200-preview.23624.5\datacollector.runtimeconfig.json" in args
TpTrace Verbose: 0 : 10536, 5, 2024/05/25, 12:45:20.825, 5331372933284, vstest.console.dll, DotnetDataCollectionLauncher: Adding  --depsfile "C:\Program Files\dotnet\sdk\8.0.200-preview.23624.5\datacollector.deps.json" in args
TpTrace Verbose: 0 : 10536, 5, 2024/05/25, 12:45:20.825, 5331372936727, vstest.console.dll, DotnetDataCollectionLauncher: Full path of dotnet.exe is C:\Program Files\dotnet\dotnet.exe
TpTrace Information: 0 : 10536, 5, 2024/05/25, 12:45:20.831, 5331372991854, vstest.console.dll, ProxyDataCollectionManager.Initialize: Launched datacollector processId: 2864 port: 54594
TpTrace Information: 0 : 10536, 5, 2024/05/25, 12:45:20.831, 5331372993314, vstest.console.dll, ProxyDataCollectionManager.Initialize: waiting for connection with timeout: 90 seconds
TpTrace Verbose: 0 : 10536, 5, 2024/05/25, 12:45:20.831, 5331372994009, vstest.console.dll, DataCollectionRequestSender.WaitForRequestHandlerConnection : Waiting for connection with timeout: 90000
TpTrace Information: 0 : 10536, 7, 2024/05/25, 12:45:20.983, 5331374508746, vstest.console.dll, Using the buffer size of 16384 bytes
TpTrace Verbose: 0 : 10536, 5, 2024/05/25, 12:45:20.983, 5331374508854, vstest.console.dll, SocketCommunicationManager.WaitForClientConnection took: 151 ms, with 90000 ms timeout, and finished with True.
TpTrace Information: 0 : 10536, 7, 2024/05/25, 12:45:20.983, 5331374509911, vstest.console.dll, Accepted Client request and set the flag
TpTrace Verbose: 0 : 10536, 5, 2024/05/25, 12:45:20.983, 5331374511211, vstest.console.dll, ProxyDataCollectionManager.InvokeDataCollectionServiceAction: Starting.
TpTrace Information: 0 : 10536, 5, 2024/05/25, 12:45:20.983, 5331374512021, vstest.console.dll, ProxyDataCollectionManager.BeforeTestRunStart: Get environment variable and port for datacollector processId: 2864 port: 54594
TpTrace Verbose: 0 : 10536, 5, 2024/05/25, 12:45:20.983, 5331374513013, vstest.console.dll, DataCollectionRequestSender.SendBeforeTestRunStartAndGetResult: Send BeforeTestRunStart message with settingsXml <RunSettings><RunConfiguration><ResultsDirectory>C:\Users\aitor\source\repos\AseProda.Library\AseProda.Test\bin\Debug\net5.0\fine-code-coverage\coverage-tool-output</ResultsDirectory><TargetPlatform>X64</TargetPlatform><TargetFrameworkVersion>.NETCoreApp,Version=v5.0</TargetFrameworkVersion><DesignMode>False</DesignMode><CollectSourceInformation>False</CollectSourceInformation><TestAdaptersPaths>C:\Program Files\dotnet\sdk\8.0.200-preview.23624.5\Extensions</TestAdaptersPaths></RunConfiguration><LoggerRunSettings><Loggers><Logger friendlyName="blame" enabled="True" /><Logger friendlyName="Console" uri="logger://microsoft/TestPlatform/ConsoleLogger/v1" assemblyQualifiedName="Microsoft.VisualStudio.TestPlatform.CommandLine.Internal.ConsoleLogger, vstest.console, Version=15.0.0.0, Culture=neutral, PublicKeyToken=b03f5f7f11d50a3a" codeBase="C:\Program Files\dotnet\sdk\8.0.200-preview.23624.5\vstest.console.dll" enabled="True" /></Loggers></LoggerRunSettings><DataCollectionRunSettings><DataCollectors><DataCollector friendlyName="blame" enabled="True"><Configuration><ResultsDirectory>C:\Users\aitor\source\repos\AseProda.Library\AseProda.Test\bin\Debug\net5.0\fine-code-coverage\coverage-tool-output</ResultsDirectory></Configuration></DataCollector></DataCollectors></DataCollectionRunSettings></RunSettings> and sources System.Collections.Generic.List`1[System.String]: 
TpTrace Verbose: 0 : 10536, 5, 2024/05/25, 12:45:21.025, 5331374931413, vstest.console.dll, DataCollectionRequestSender.SendBeforeTestRunStartAndGetResult: Received message: (DataCollection.SendMessage) -> {"MessageType":"DataCollection.SendMessage","Payload":{"FriendlyName":null,"Uri":null,"TestCaseId":"00000000-0000-0000-0000-000000000000","Message":"Logging DataCollector Diagnostics in file: C:\\Users\\aitor\\source\\repos\\AseProda.Library\\AseProda.Test\\bin\\Debug\\net5.0\\fine-code-coverage\\coverage-tool-output\\diagnostics.datacollector.24-05-25_12-45-20_82525_5.log","Level":0}}
TpTrace Verbose: 0 : 10536, 5, 2024/05/25, 12:45:21.131, 5331375995991, vstest.console.dll, DataCollectionRequestSender.SendBeforeTestRunStartAndGetResult: Received message: (DataCollection.BeforeTestRunStartResult) -> {"MessageType":"DataCollection.BeforeTestRunStartResult","Payload":{"EnvironmentVariables":{},"DataCollectionEventsPort":54596}}
TpTrace Information: 0 : 10536, 5, 2024/05/25, 12:45:21.135, 5331376031092, vstest.console.dll, ProxyDataCollectionManager.BeforeTestRunStart: SendBeforeTestRunStartAndGetResult successful, env variable from datacollector:   and testhost port: 54596
TpTrace Information: 0 : 10536, 5, 2024/05/25, 12:45:21.135, 5331376032094, vstest.console.dll, ProxyDataCollectionManager.InvokeDataCollectionServiceAction: Completed.
TpTrace Verbose: 0 : 10536, 5, 2024/05/25, 12:45:21.135, 5331376032611, vstest.console.dll, ParallelProxyExecutionManager.StartTestRunOnConcurrentManager: Initializing test run. Started clients: 0
TpTrace Verbose: 0 : 10536, 5, 2024/05/25, 12:45:21.135, 5331376033512, vstest.console.dll, ProxyExecutionManager: Test host is always Lazy initialize.
TpTrace Verbose: 0 : 10536, 5, 2024/05/25, 12:45:21.135, 5331376035620, vstest.console.dll, TestRequestSender.InitializeCommunication: initialize communication. 
TpTrace Information: 0 : 10536, 5, 2024/05/25, 12:45:21.136, 5331376040085, vstest.console.dll, SocketServer.Start: Listening on endpoint : 127.0.0.1:54597
TpTrace Verbose: 0 : 10536, 5, 2024/05/25, 12:45:21.136, 5331376045911, vstest.console.dll, DotnetTestHostmanager.GetTestHostProcessStartInfo: Platform environment 'X64' target architecture 'X64' framework '.NETCoreApp,Version=v5.0' OS 'Windows'
TpTrace Verbose: 0 : 10536, 5, 2024/05/25, 12:45:21.137, 5331376047809, vstest.console.dll, DotnetTestHostmanager: Adding  --runtimeconfig "C:\Users\aitor\source\repos\AseProda.Library\AseProda.Test\bin\Debug\net5.0\fine-code-coverage\build-output\AseProda.Test.runtimeconfig.json" in args
TpTrace Verbose: 0 : 10536, 5, 2024/05/25, 12:45:21.137, 5331376048756, vstest.console.dll, DotnetTestHostmanager: Adding  --depsfile "C:\Users\aitor\source\repos\AseProda.Library\AseProda.Test\bin\Debug\net5.0\fine-code-coverage\build-output\AseProda.Test.deps.json" in args
TpTrace Verbose: 0 : 10536, 5, 2024/05/25, 12:45:21.137, 5331376050401, vstest.console.dll, DotnetTestHostmanager.IsWinOnArm: Current PROCESSOR_ARCHITECTURE from environment variable 'AMD64'
TpTrace Verbose: 0 : 10536, 5, 2024/05/25, 12:45:21.137, 5331376051118, vstest.console.dll, DotnetTestHostmanager.IsWinOnArm: Is Windows on ARM 'False'
TpTrace Verbose: 0 : 10536, 5, 2024/05/25, 12:45:21.137, 5331376051991, vstest.console.dll, DotnetTestHostManager: testhost.exe found at path: C:\Users\aitor\source\repos\AseProda.Library\AseProda.Test\bin\Debug\net5.0\fine-code-coverage\build-output\testhost.exe
TpTrace Verbose: 0 : 10536, 5, 2024/05/25, 12:45:21.137, 5331376052510, vstest.console.dll, DotnetTestHostmanager: Full path of host exe is C:\Users\aitor\source\repos\AseProda.Library\AseProda.Test\bin\Debug\net5.0\fine-code-coverage\build-output\testhost.exe
TpTrace Verbose: 0 : 10536, 5, 2024/05/25, 12:45:21.137, 5331376053790, vstest.console.dll, DotnetTestHostmanager.LaunchTestHostAsync: Found 'VSTEST_WINAPPHOST_DOTNET_ROOT' in env variables, value 'C:\Program Files\dotnet', forwarding to 'DOTNET_ROOT'
TpTrace Verbose: 0 : 10536, 5, 2024/05/25, 12:45:21.137, 5331376055148, vstest.console.dll, DotnetTestHostManager: Starting process 'C:\Users\aitor\source\repos\AseProda.Library\AseProda.Test\bin\Debug\net5.0\fine-code-coverage\build-output\testhost.exe' with command line ' --runtimeconfig "C:\Users\aitor\source\repos\AseProda.Library\AseProda.Test\bin\Debug\net5.0\fine-code-coverage\build-output\AseProda.Test.runtimeconfig.json" --depsfile "C:\Users\aitor\source\repos\AseProda.Library\AseProda.Test\bin\Debug\net5.0\fine-code-coverage\build-output\AseProda.Test.deps.json" --port 54597 --endpoint 127.0.0.1:054597 --role client --parentprocessid 10536 --diag "C:\Users\aitor\source\repos\AseProda.Library\AseProda.Test\bin\Debug\net5.0\fine-code-coverage\coverage-tool-output\diagnostics.host.24-05-25_12-45-21_13658_5.log" --tracelevel 4 --datacollectionport 54596 --telemetryoptedin false'
TpTrace Verbose: 0 : 10536, 5, 2024/05/25, 12:45:21.144, 5331376125633, vstest.console.dll, MulticastDelegateUtilities.SafeInvoke: HostProviderEvents.OnHostLaunched: Invoking callback 1/2 for Microsoft.VisualStudio.TestPlatform.CrossPlatEngine.Client.ProxyExecutionManagerWithDataCollection., took 0 ms.
TpTrace Verbose: 0 : 10536, 5, 2024/05/25, 12:45:21.145, 5331376128084, vstest.console.dll, Test Runtime launched
TpTrace Verbose: 0 : 10536, 5, 2024/05/25, 12:45:21.145, 5331376128783, vstest.console.dll, MulticastDelegateUtilities.SafeInvoke: HostProviderEvents.OnHostLaunched: Invoking callback 2/2 for Microsoft.VisualStudio.TestPlatform.CrossPlatEngine.Client.ProxyOperationManager., took 0 ms.
TpTrace Verbose: 0 : 10536, 5, 2024/05/25, 12:45:21.145, 5331376129937, vstest.console.dll, TestRequestSender.WaitForRequestHandlerConnection: waiting for connection with timeout: 90000.
TpTrace Verbose: 0 : 10536, 7, 2024/05/25, 12:45:21.340, 5331378083628, vstest.console.dll, MulticastDelegateUtilities.SafeInvoke: SocketServer: ClientConnected: Invoking callback 1/1 for Microsoft.VisualStudio.TestPlatform.CommunicationUtilities.TestRequestSender., took 0 ms.
TpTrace Verbose: 0 : 10536, 5, 2024/05/25, 12:45:21.340, 5331378083831, vstest.console.dll, TestRequestSender.WaitForRequestHandlerConnection: waiting took 195 ms, with timeout 90000 ms, and result 0, which is success.
TpTrace Verbose: 0 : 10536, 7, 2024/05/25, 12:45:21.340, 5331378084832, vstest.console.dll, SocketServer.OnClientConnected: Client connected for endPoint: 127.0.0.1:54597, starting MessageLoopAsync:
TpTrace Verbose: 0 : 10536, 7, 2024/05/25, 12:45:21.341, 5331378089818, vstest.console.dll, TcpClientExtensions.MessageLoopAsync: Polling on remoteEndPoint: 127.0.0.1:54598 localEndPoint: 127.0.0.1:54597 after 0 ms
TpTrace Verbose: 0 : 10536, 5, 2024/05/25, 12:45:21.341, 5331378092743, vstest.console.dll, TestRequestSender.CheckVersionWithTestHost: Sending check version message: {"MessageType":"ProtocolVersion","Payload":7}
TpTrace Verbose: 0 : 10536, 7, 2024/05/25, 12:45:21.465, 5331379334792, vstest.console.dll, TcpClientExtensions.MessageLoopAsync: NotifyDataAvailable remoteEndPoint: 127.0.0.1:54598 localEndPoint: 127.0.0.1:54597
TpTrace Verbose: 0 : 10536, 7, 2024/05/25, 12:45:21.465, 5331379337068, vstest.console.dll, TestRequestSender.CheckVersionWithTestHost: onMessageReceived received message: (ProtocolVersion) -> {"MessageType":"ProtocolVersion","Payload":7}
TpTrace Verbose: 0 : 10536, 7, 2024/05/25, 12:45:21.466, 5331379342434, vstest.console.dll, MulticastDelegateUtilities.SafeInvoke: LengthPrefixCommunicationChannel: MessageReceived: Invoking callback 1/1 for Microsoft.VisualStudio.TestPlatform.CommunicationUtilities.TestRequestSender+<>c__DisplayClass29_0., took 0 ms.
TpTrace Verbose: 0 : 10536, 7, 2024/05/25, 12:45:21.466, 5331379343396, vstest.console.dll, TcpClientExtensions.MessageLoopAsync: Polling on remoteEndPoint: 127.0.0.1:54598 localEndPoint: 127.0.0.1:54597 after 125 ms
TpTrace Verbose: 0 : 10536, 5, 2024/05/25, 12:45:21.466, 5331379343864, vstest.console.dll, TestPluginCache.GetExtensionPaths: Filtered extension paths: 
TpTrace Verbose: 0 : 10536, 5, 2024/05/25, 12:45:21.466, 5331379344631, vstest.console.dll, TestPluginCache.GetExtensionPaths: Added default extension paths: C:\Program Files\dotnet\sdk\8.0.200-preview.23624.5\Extensions\Microsoft.Diagnostics.NETCore.Client.dll
C:\Program Files\dotnet\sdk\8.0.200-preview.23624.5\Extensions\Microsoft.TestPlatform.Extensions.BlameDataCollector.dll
C:\Program Files\dotnet\sdk\8.0.200-preview.23624.5\Extensions\Microsoft.TestPlatform.Extensions.EventLogCollector.dll
C:\Program Files\dotnet\sdk\8.0.200-preview.23624.5\Extensions\Microsoft.TestPlatform.TestHostRuntimeProvider.dll
C:\Program Files\dotnet\sdk\8.0.200-preview.23624.5\Extensions\Microsoft.VisualStudio.TestPlatform.Extensions.Html.TestLogger.dll
C:\Program Files\dotnet\sdk\8.0.200-preview.23624.5\Extensions\Microsoft.VisualStudio.TestPlatform.Extensions.Trx.TestLogger.dll
TpTrace Verbose: 0 : 10536, 5, 2024/05/25, 12:45:21.466, 5331379345164, vstest.console.dll, TestPluginCache.GetExtensionPaths: Added unfilterableExtensionPaths: 
TpTrace Verbose: 0 : 10536, 5, 2024/05/25, 12:45:21.468, 5331379367381, vstest.console.dll, TestRequestSender.InitializeExecution: Sending initialize execution with message: {"Version":7,"MessageType":"TestExecution.Initialize","Payload":["C:\\Users\\aitor\\source\\repos\\AseProda.Library\\AseProda.Test\\bin\\Debug\\net5.0\\fine-code-coverage\\build-output\\NUnit3.TestAdapter.dll"]}
TpTrace Verbose: 0 : 10536, 5, 2024/05/25, 12:45:21.469, 5331379369451, vstest.console.dll, ParallelProxyExecutionManager.StartTestRunOnConcurrentManager: Execution starting. Started clients: 1
TpTrace Verbose: 0 : 10536, 5, 2024/05/25, 12:45:21.469, 5331379371896, vstest.console.dll, TestRunRequest:SendTestRunMessage: Starting.
TpTrace Verbose: 0 : 10536, 5, 2024/05/25, 12:45:21.469, 5331379373506, vstest.console.dll, MulticastDelegateUtilities.SafeInvoke: TestRun.LogMessages: Invoking callback 1/1 for Microsoft.VisualStudio.TestPlatform.CommandLine.TestRunResultAggregator., took 0 ms.
TpTrace Information: 0 : 10536, 5, 2024/05/25, 12:45:21.469, 5331379374081, vstest.console.dll, TestRunRequest:SendTestRunMessage: Completed.
TpTrace Verbose: 0 : 10536, 4, 2024/05/25, 12:45:21.469, 5331379375121, vstest.console.dll, MulticastDelegateUtilities.SafeInvoke: InternalTestLoggerEvents.SendTestRunMessage: Invoking callback 1/1 for Microsoft.VisualStudio.TestPlatform.CommandLine.Internal.ConsoleLogger., took 0 ms.
TpTrace Warning: 0 : 10536, 5, 2024/05/25, 12:45:21.469, 5331379377115, vstest.console.dll, InferRunSettingsHelper.MakeRunsettingsCompatible: Removing the following settings: TargetPlatform from RunSettings file. To use those settings please move to latest version of Microsoft.NET.Test.Sdk
TpTrace Verbose: 0 : 10536, 7, 2024/05/25, 12:45:21.472, 5331379402162, vstest.console.dll, TcpClientExtensions.MessageLoopAsync: NotifyDataAvailable remoteEndPoint: 127.0.0.1:54598 localEndPoint: 127.0.0.1:54597
TpTrace Verbose: 0 : 10536, 7, 2024/05/25, 12:45:21.472, 5331379405254, vstest.console.dll, TestRequestSender.OnExecutionMessageReceived: Received message: {"Version":7,"MessageType":"TestSession.Message","Payload":{"MessageLevel":0,"Message":"Registrando diagnstico de TestHost en el archivo: C:\\Users\\aitor\\source\\repos\\AseProda.Library\\AseProda.Test\\bin\\Debug\\net5.0\\fine-code-coverage\\coverage-tool-output\\diagnostics.host.24-05-25_12-45-21_13658_5.log"}}
TpTrace Verbose: 0 : 10536, 7, 2024/05/25, 12:45:21.474, 5331379425808, vstest.console.dll, TestRunRequest:SendTestRunMessage: Starting.
TpTrace Verbose: 0 : 10536, 7, 2024/05/25, 12:45:21.474, 5331379427149, vstest.console.dll, MulticastDelegateUtilities.SafeInvoke: TestRun.LogMessages: Invoking callback 1/1 for Microsoft.VisualStudio.TestPlatform.CommandLine.TestRunResultAggregator., took 0 ms.
TpTrace Information: 0 : 10536, 7, 2024/05/25, 12:45:21.475, 5331379427710, vstest.console.dll, TestRunRequest:SendTestRunMessage: Completed.
TpTrace Verbose: 0 : 10536, 7, 2024/05/25, 12:45:21.475, 5331379428248, vstest.console.dll, MulticastDelegateUtilities.SafeInvoke: LengthPrefixCommunicationChannel: MessageReceived: Invoking callback 1/1 for Microsoft.VisualStudio.TestPlatform.CommunicationUtilities.TestRequestSender+<>c__DisplayClass34_0., took 2 ms.
TpTrace Verbose: 0 : 10536, 4, 2024/05/25, 12:45:21.474, 5331379427344, vstest.console.dll, MulticastDelegateUtilities.SafeInvoke: InternalTestLoggerEvents.SendTestRunMessage: Invoking callback 1/1 for Microsoft.VisualStudio.TestPlatform.CommandLine.Internal.ConsoleLogger., took 0 ms.
TpTrace Verbose: 0 : 10536, 5, 2024/05/25, 12:45:21.474, 5331379427399, vstest.console.dll, TestRequestSender.StartTestRun: Sending test run with message: {"Version":7,"MessageType":"TestExecution.StartWithSources","Payload":{"AdapterSourceMap":{"_none_":["C:\\Users\\aitor\\source\\repos\\AseProda.Library\\AseProda.Test\\bin\\Debug\\net5.0\\fine-code-coverage\\build-output\\AseProda.Test.dll"]},"RunSettings":"<RunSettings>\r\n  <RunConfiguration>\r\n    <ResultsDirectory>C:\\Users\\aitor\\source\\repos\\AseProda.Library\\AseProda.Test\\bin\\Debug\\net5.0\\fine-code-coverage\\coverage-tool-output</ResultsDirectory>\r\n    <TargetFrameworkVersion>.NETCoreApp,Version=v5.0</TargetFrameworkVersion>\r\n    <DesignMode>False</DesignMode>\r\n    <CollectSourceInformation>False</CollectSourceInformation>\r\n  </RunConfiguration>\r\n  <LoggerRunSettings>\r\n    <Loggers>\r\n      <Logger friendlyName=\"blame\" enabled=\"True\" />\r\n      <Logger friendlyName=\"Console\" uri=\"logger://microsoft/TestPlatform/ConsoleLogger/v1\" assemblyQualifiedName=\"Microsoft.VisualStudio.TestPlatform.CommandLine.Internal.ConsoleLogger, vstest.console, Version=15.0.0.0, Culture=neutral, PublicKeyToken=b03f5f7f11d50a3a\" codeBase=\"C:\\Program Files\\dotnet\\sdk\\8.0.200-preview.23624.5\\vstest.console.dll\" enabled=\"True\" />\r\n    </Loggers>\r\n  </LoggerRunSettings>\r\n  <DataCollectionRunSettings>\r\n    <DataCollectors>\r\n      <DataCollector friendlyName=\"blame\" enabled=\"True\">\r\n        <Configuration>\r\n          <ResultsDirectory>C:\\Users\\aitor\\source\\repos\\AseProda.Library\\AseProda.Test\\bin\\Debug\\net5.0\\fine-code-coverage\\coverage-tool-output</ResultsDirectory>\r\n        </Configuration>\r\n      </DataCollector>\r\n    </DataCollectors>\r\n  </DataCollectionRunSettings>\r\n</RunSettings>","TestExecutionContext":{"FrequencyOfRunStatsChangeEvent":10,"RunStatsChangeEventTimeout":"00:00:01.5000000","InIsolation":false,"KeepAlive":false,"AreTestCaseLevelEventsRequired":false,"IsDebug":false,"TestCaseFilter":null,"FilterOptions":null},"Package":null}}
TpTrace Verbose: 0 : 10536, 7, 2024/05/25, 12:45:21.475, 5331379428800, vstest.console.dll, TcpClientExtensions.MessageLoopAsync: Polling on remoteEndPoint: 127.0.0.1:54598 localEndPoint: 127.0.0.1:54597 after 8 ms
TpTrace Verbose: 0 : 10536, 5, 2024/05/25, 12:45:21.475, 5331379431278, vstest.console.dll, ParallelProxyExecutionManager.StartTestRunOnConcurrentManager: Execution started. Started clients: 1
TpTrace Verbose: 0 : 10536, 7, 2024/05/25, 12:45:21.628, 5331380958804, vstest.console.dll, TcpClientExtensions.MessageLoopAsync: NotifyDataAvailable remoteEndPoint: 127.0.0.1:54598 localEndPoint: 127.0.0.1:54597
TpTrace Verbose: 0 : 10536, 7, 2024/05/25, 12:45:21.628, 5331380961047, vstest.console.dll, TestRequestSender.OnExecutionMessageReceived: Received message: {"Version":7,"MessageType":"TestSession.Message","Payload":{"MessageLevel":0,"Message":"NUnit Adapter 4.4.0.0: Test execution started"}}
TpTrace Verbose: 0 : 10536, 7, 2024/05/25, 12:45:21.628, 5331380963192, vstest.console.dll, TestRunRequest:SendTestRunMessage: Starting.
TpTrace Verbose: 0 : 10536, 7, 2024/05/25, 12:45:21.628, 5331380964089, vstest.console.dll, MulticastDelegateUtilities.SafeInvoke: TestRun.LogMessages: Invoking callback 1/1 for Microsoft.VisualStudio.TestPlatform.CommandLine.TestRunResultAggregator., took 0 ms.
TpTrace Information: 0 : 10536, 7, 2024/05/25, 12:45:21.628, 5331380964595, vstest.console.dll, TestRunRequest:SendTestRunMessage: Completed.
TpTrace Verbose: 0 : 10536, 7, 2024/05/25, 12:45:21.628, 5331380965073, vstest.console.dll, MulticastDelegateUtilities.SafeInvoke: LengthPrefixCommunicationChannel: MessageReceived: Invoking callback 1/1 for Microsoft.VisualStudio.TestPlatform.CommunicationUtilities.TestRequestSender+<>c__DisplayClass34_0., took 0 ms.
TpTrace Verbose: 0 : 10536, 4, 2024/05/25, 12:45:21.628, 5331380964629, vstest.console.dll, MulticastDelegateUtilities.SafeInvoke: InternalTestLoggerEvents.SendTestRunMessage: Invoking callback 1/1 for Microsoft.VisualStudio.TestPlatform.CommandLine.Internal.ConsoleLogger., took 0 ms.
TpTrace Verbose: 0 : 10536, 7, 2024/05/25, 12:45:21.628, 5331380966383, vstest.console.dll, TcpClientExtensions.MessageLoopAsync: Polling on remoteEndPoint: 127.0.0.1:54598 localEndPoint: 127.0.0.1:54597 after 153 ms
TpTrace Verbose: 0 : 10536, 7, 2024/05/25, 12:45:21.657, 5331381256265, vstest.console.dll, TcpClientExtensions.MessageLoopAsync: NotifyDataAvailable remoteEndPoint: 127.0.0.1:54598 localEndPoint: 127.0.0.1:54597
TpTrace Verbose: 0 : 10536, 7, 2024/05/25, 12:45:21.658, 5331381258172, vstest.console.dll, TestRequestSender.OnExecutionMessageReceived: Received message: {"Version":7,"MessageType":"TestSession.Message","Payload":{"MessageLevel":0,"Message":"Running all tests in C:\\Users\\aitor\\source\\repos\\AseProda.Library\\AseProda.Test\\bin\\Debug\\net5.0\\fine-code-coverage\\build-output\\AseProda.Test.dll"}}
TpTrace Verbose: 0 : 10536, 7, 2024/05/25, 12:45:21.658, 5331381259711, vstest.console.dll, TestRunRequest:SendTestRunMessage: Starting.
TpTrace Verbose: 0 : 10536, 7, 2024/05/25, 12:45:21.658, 5331381260553, vstest.console.dll, MulticastDelegateUtilities.SafeInvoke: TestRun.LogMessages: Invoking callback 1/1 for Microsoft.VisualStudio.TestPlatform.CommandLine.TestRunResultAggregator., took 0 ms.
TpTrace Information: 0 : 10536, 7, 2024/05/25, 12:45:21.658, 5331381261007, vstest.console.dll, TestRunRequest:SendTestRunMessage: Completed.
TpTrace Verbose: 0 : 10536, 4, 2024/05/25, 12:45:21.658, 5331381261086, vstest.console.dll, MulticastDelegateUtilities.SafeInvoke: InternalTestLoggerEvents.SendTestRunMessage: Invoking callback 1/1 for Microsoft.VisualStudio.TestPlatform.CommandLine.Internal.ConsoleLogger., took 0 ms.
TpTrace Verbose: 0 : 10536, 7, 2024/05/25, 12:45:21.658, 5331381261525, vstest.console.dll, MulticastDelegateUtilities.SafeInvoke: LengthPrefixCommunicationChannel: MessageReceived: Invoking callback 1/1 for Microsoft.VisualStudio.TestPlatform.CommunicationUtilities.TestRequestSender+<>c__DisplayClass34_0., took 0 ms.
TpTrace Verbose: 0 : 10536, 7, 2024/05/25, 12:45:21.658, 5331381263275, vstest.console.dll, TcpClientExtensions.MessageLoopAsync: Polling on remoteEndPoint: 127.0.0.1:54598 localEndPoint: 127.0.0.1:54597 after 29 ms
TpTrace Verbose: 0 : 10536, 7, 2024/05/25, 12:45:22.055, 5331385231382, vstest.console.dll, TcpClientExtensions.MessageLoopAsync: NotifyDataAvailable remoteEndPoint: 127.0.0.1:54598 localEndPoint: 127.0.0.1:54597
TpTrace Verbose: 0 : 10536, 7, 2024/05/25, 12:45:22.055, 5331385233617, vstest.console.dll, TestRequestSender.OnExecutionMessageReceived: Received message: {"Version":7,"MessageType":"TestSession.Message","Payload":{"MessageLevel":0,"Message":"   NUnit3TestExecutor discovered 4 of 4 NUnit test cases using Current Discovery mode, Non-Explicit run"}}
TpTrace Verbose: 0 : 10536, 7, 2024/05/25, 12:45:22.055, 5331385234924, vstest.console.dll, TestRunRequest:SendTestRunMessage: Starting.
TpTrace Verbose: 0 : 10536, 7, 2024/05/25, 12:45:22.055, 5331385235715, vstest.console.dll, MulticastDelegateUtilities.SafeInvoke: TestRun.LogMessages: Invoking callback 1/1 for Microsoft.VisualStudio.TestPlatform.CommandLine.TestRunResultAggregator., took 0 ms.
TpTrace Verbose: 0 : 10536, 4, 2024/05/25, 12:45:22.055, 5331385235996, vstest.console.dll, MulticastDelegateUtilities.SafeInvoke: InternalTestLoggerEvents.SendTestRunMessage: Invoking callback 1/1 for Microsoft.VisualStudio.TestPlatform.CommandLine.Internal.ConsoleLogger., took 0 ms.
TpTrace Information: 0 : 10536, 7, 2024/05/25, 12:45:22.055, 5331385236151, vstest.console.dll, TestRunRequest:SendTestRunMessage: Completed.
TpTrace Verbose: 0 : 10536, 7, 2024/05/25, 12:45:22.055, 5331385237379, vstest.console.dll, MulticastDelegateUtilities.SafeInvoke: LengthPrefixCommunicationChannel: MessageReceived: Invoking callback 1/1 for Microsoft.VisualStudio.TestPlatform.CommunicationUtilities.TestRequestSender+<>c__DisplayClass34_0., took 0 ms.
TpTrace Verbose: 0 : 10536, 7, 2024/05/25, 12:45:22.056, 5331385237857, vstest.console.dll, TcpClientExtensions.MessageLoopAsync: Polling on remoteEndPoint: 127.0.0.1:54598 localEndPoint: 127.0.0.1:54597 after 397 ms
TpTrace Verbose: 0 : 10536, 7, 2024/05/25, 12:45:22.194, 5331386618108, vstest.console.dll, TcpClientExtensions.MessageLoopAsync: NotifyDataAvailable remoteEndPoint: 127.0.0.1:54598 localEndPoint: 127.0.0.1:54597
TpTrace Verbose: 0 : 10536, 7, 2024/05/25, 12:45:22.194, 5331386620925, vstest.console.dll, TestRequestSender.OnExecutionMessageReceived: Received message: {"Version":7,"MessageType":"TestSession.Message","Payload":{"MessageLevel":0,"Message":"NUnit Adapter 4.4.0.0: Test execution complete"}}
TpTrace Verbose: 0 : 10536, 7, 2024/05/25, 12:45:22.194, 5331386622153, vstest.console.dll, TestRunRequest:SendTestRunMessage: Starting.
TpTrace Verbose: 0 : 10536, 7, 2024/05/25, 12:45:22.194, 5331386625481, vstest.console.dll, MulticastDelegateUtilities.SafeInvoke: TestRun.LogMessages: Invoking callback 1/1 for Microsoft.VisualStudio.TestPlatform.CommandLine.TestRunResultAggregator., took 0 ms.
TpTrace Verbose: 0 : 10536, 4, 2024/05/25, 12:45:22.194, 5331386625552, vstest.console.dll, MulticastDelegateUtilities.SafeInvoke: InternalTestLoggerEvents.SendTestRunMessage: Invoking callback 1/1 for Microsoft.VisualStudio.TestPlatform.CommandLine.Internal.ConsoleLogger., took 0 ms.
TpTrace Information: 0 : 10536, 7, 2024/05/25, 12:45:22.194, 5331386626554, vstest.console.dll, TestRunRequest:SendTestRunMessage: Completed.
TpTrace Verbose: 0 : 10536, 7, 2024/05/25, 12:45:22.195, 5331386627834, vstest.console.dll, MulticastDelegateUtilities.SafeInvoke: LengthPrefixCommunicationChannel: MessageReceived: Invoking callback 1/1 for Microsoft.VisualStudio.TestPlatform.CommunicationUtilities.TestRequestSender+<>c__DisplayClass34_0., took 0 ms.
TpTrace Verbose: 0 : 10536, 7, 2024/05/25, 12:45:22.195, 5331386628401, vstest.console.dll, TcpClientExtensions.MessageLoopAsync: Polling on remoteEndPoint: 127.0.0.1:54598 localEndPoint: 127.0.0.1:54597 after 139 ms
TpTrace Verbose: 0 : 10536, 7, 2024/05/25, 12:45:22.231, 5331386994202, vstest.console.dll, TcpClientExtensions.MessageLoopAsync: NotifyDataAvailable remoteEndPoint: 127.0.0.1:54598 localEndPoint: 127.0.0.1:54597
TpTrace Verbose: 0 : 10536, 7, 2024/05/25, 12:45:22.231, 5331386996862, vstest.console.dll, TestRequestSender.OnExecutionMessageReceived: Received message: {"Version":7,"MessageType":"TestExecution.Completed","Payload":{"TestRunCompleteArgs":{"TestRunStatistics":{"ExecutedTests":4,"Stats":{"Passed":4}},"IsCanceled":false,"IsAborted":false,"Error":null,"AttachmentSets":[],"InvokedDataCollectors":[],"ElapsedTimeInRunningTests":"00:00:00.5976618","Metrics":{},"DiscoveredExtensions":{"TestDiscoverers":["NUnit.VisualStudio.TestAdapter.NUnit3TestDiscoverer, NUnit3.TestAdapter, Version=4.4.0.0, Culture=neutral, PublicKeyToken=4cb40d35494691ac"],"TestExecutors":["executor://NUnit3TestExecutor"],"TestExecutors2":[],"TestSettingsProviders":[]}},"LastRunTests":{"NewTestResults":[{"TestCase":{"Id":"2754abad-328a-25cd-e353-520e80ee8130","FullyQualifiedName":"AseProda.Test.AseProdaServiceTests.Bloquear_Surtidor_Test","DisplayName":"Bloquear_Surtidor_Test","ExecutorUri":"executor://NUnit3TestExecutor","Source":"C:\\Users\\aitor\\source\\repos\\AseProda.Library\\AseProda.Test\\bin\\Debug\\net5.0\\fine-code-coverage\\build-output\\AseProda.Test.dll","CodeFilePath":null,"LineNumber":0,"Properties":[{"Key":{"Id":"NUnit.Seed","Label":"Seed","Category":"","Description":"","Attributes":0,"ValueType":"System.String"},"Value":"1361354998"}]},"Attachments":[],"Outcome":1,"ErrorMessage":null,"ErrorStackTrace":null,"DisplayName":"Bloquear_Surtidor_Test","Messages":[],"ComputerName":"DESKTOP-L1JPBBO","Duration":"00:00:00.0153840","StartTime":"2024-05-25T10:45:22.0805349+00:00","EndTime":"2024-05-25T10:45:22.0958387+00:00","Properties":[{"Key":{"Id":"NUnit.Seed","Label":"Seed","Category":"","Description":"","Attributes":0,"ValueType":"System.String"},"Value":"1361354998"}]},{"TestCase":{"Id":"1e1c174d-1fc1-d455-f1cc-05329cc88e94","FullyQualifiedName":"AseProda.Test.AseProdaServiceTests.Liberar_Surtidor_Test","DisplayName":"Liberar_Surtidor_Test","ExecutorUri":"executor://NUnit3TestExecutor","Source":"C:\\Users\\aitor\\source\\repos\\AseProda.Library\\AseProda.Test\\bin\\Debug\\net5.0\\fine-code-coverage\\build-output\\AseProda.Test.dll","CodeFilePath":null,"LineNumber":0,"Properties":[{"Key":{"Id":"NUnit.Seed","Label":"Seed","Category":"","Description":"","Attributes":0,"ValueType":"System.String"},"Value":"578922838"}]},"Attachments":[],"Outcome":1,"ErrorMessage":null,"ErrorStackTrace":null,"DisplayName":"Liberar_Surtidor_Test","Messages":[],"ComputerName":"DESKTOP-L1JPBBO","Duration":"00:00:00.0007500","StartTime":"2024-05-25T10:45:22.0973323+00:00","EndTime":"2024-05-25T10:45:22.0980825+00:00","Properties":[{"Key":{"Id":"NUnit.Seed","Label":"Seed","Category":"","Description":"","Attributes":0,"ValueType":"System.String"},"Value":"578922838"}]},{"TestCase":{"Id":"e09b0562-b3e9-5454-b863-85afcd05b867","FullyQualifiedName":"AseProda.Test.AseProdaServiceTests.Obtener_Estado_Surtidor_Test","DisplayName":"Obtener_Estado_Surtidor_Test","ExecutorUri":"executor://NUnit3TestExecutor","Source":"C:\\Users\\aitor\\source\\repos\\AseProda.Library\\AseProda.Test\\bin\\Debug\\net5.0\\fine-code-coverage\\build-output\\AseProda.Test.dll","CodeFilePath":null,"LineNumber":0,"Properties":[{"Key":{"Id":"NUnit.Seed","Label":"Seed","Category":"","Description":"","Attributes":0,"ValueType":"System.String"},"Value":"301570516"}]},"Attachments":[],"Outcome":1,"ErrorMessage":null,"ErrorStackTrace":null,"DisplayName":"Obtener_Estado_Surtidor_Test","Messages":[],"ComputerName":"DESKTOP-L1JPBBO","Duration":"00:00:00.0881760","StartTime":"2024-05-25T10:45:22.0981096+00:00","EndTime":"2024-05-25T10:45:22.1862846+00:00","Properties":[{"Key":{"Id":"NUnit.Seed","Label":"Seed","Category":"","Description":"","Attributes":0,"ValueType":"System.String"},"Value":"301570516"}]},{"TestCase":{"Id":"2642e83b-18d4-251a-d3f0-37f042c96bb9","FullyQualifiedName":"AseProda.Test.AseProdaServiceTests.Prefijar_Surtidor_Test","DisplayName":"Prefijar_Surtidor_Test","ExecutorUri":"executor://NUnit3TestExecutor","Source":"C:\\Users\\aitor\\source\\repos\\AseProda.Library\\AseProda.Test\\bin\\Debug\\net5.0\\fine-code-coverage\\build-output\\AseProda.Test.dll","CodeFilePath":null,"LineNumber":0,"Properties":[{"Key":{"Id":"NUnit.Seed","Label":"Seed","Category":"","Description":"","Attributes":0,"ValueType":"System.String"},"Value":"1428633506"}]},"Attachments":[],"Outcome":1,"ErrorMessage":null,"ErrorStackTrace":null,"DisplayName":"Prefijar_Surtidor_Test","Messages":[],"ComputerName":"DESKTOP-L1JPBBO","Duration":"00:00:00.0018040","StartTime":"2024-05-25T10:45:22.1863048+00:00","EndTime":"2024-05-25T10:45:22.1881079+00:00","Properties":[{"Key":{"Id":"NUnit.Seed","Label":"Seed","Category":"","Description":"","Attributes":0,"ValueType":"System.String"},"Value":"1428633506"}]}],"TestRunStatistics":{"ExecutedTests":4,"Stats":{"Passed":4}},"ActiveTests":[]},"RunAttachments":[],"ExecutorUris":["executor://nunit3testexecutor/"]}}
TpTrace Verbose: 0 : 10536, 7, 2024/05/25, 12:45:22.232, 5331386998349, vstest.console.dll, TestRequestSender.EndSession: Sending end session.
TpTrace Verbose: 0 : 10536, 7, 2024/05/25, 12:45:22.232, 5331387000074, vstest.console.dll, ProxyOperationManager.Close: waiting for test host to exit for 100 ms
TpTrace Verbose: 0 : 10536, 11, 2024/05/25, 12:45:22.241, 5331387095651, vstest.console.dll, TestHostManagerCallbacks.ctor: Experimental forwarding output is disabled.
TpTrace Warning: 0 : 10536, 11, 2024/05/25, 12:45:22.241, 5331387096846, vstest.console.dll, TestHostManagerCallbacks.ErrorReceivedCallback Test host standard error line: 
TpTrace Verbose: 0 : 10536, 11, 2024/05/25, 12:45:22.249, 5331387172643, vstest.console.dll, TestHostProvider.ExitCallBack: Host exited starting callback.
TpTrace Information: 0 : 10536, 11, 2024/05/25, 12:45:22.249, 5331387174045, vstest.console.dll, TestHostManagerCallbacks.ExitCallBack: Testhost processId: 5564 exited with exitcode: 0 error: ''
TpTrace Verbose: 0 : 10536, 11, 2024/05/25, 12:45:22.249, 5331387174675, vstest.console.dll, DotnetTestHostManager.OnHostExited: invoking OnHostExited callback
TpTrace Verbose: 0 : 10536, 11, 2024/05/25, 12:45:22.249, 5331387175309, vstest.console.dll, CrossPlatEngine.TestHostManagerHostExited: calling on client process exit callback.
TpTrace Information: 0 : 10536, 11, 2024/05/25, 12:45:22.249, 5331387175984, vstest.console.dll, TestRequestSender.OnClientProcessExit: Test host process exited. Standard error: 
TpTrace Information: 0 : 10536, 11, 2024/05/25, 12:45:22.249, 5331387176533, vstest.console.dll, SocketServer.Stop: Stop server endPoint: 127.0.0.1:54597
TpTrace Information: 0 : 10536, 7, 2024/05/25, 12:45:22.249, 5331387176627, vstest.console.dll, SocketServer.Stop: Stop server endPoint: 127.0.0.1:54597
TpTrace Information: 0 : 10536, 7, 2024/05/25, 12:45:22.250, 5331387177630, vstest.console.dll, SocketServer.Stop: Cancellation requested. Stopping message loop.
TpTrace Information: 0 : 10536, 11, 2024/05/25, 12:45:22.249, 5331387177021, vstest.console.dll, SocketServer.Stop: Cancellation requested. Stopping message loop.
TpTrace Verbose: 0 : 10536, 11, 2024/05/25, 12:45:22.250, 5331387179425, vstest.console.dll, MulticastDelegateUtilities.SafeInvoke: HostProviderEvents.OnHostExited: Invoking callback 1/1 for Microsoft.VisualStudio.TestPlatform.CrossPlatEngine.Client.ProxyOperationManager., took 0 ms.
TpTrace Information: 0 : 10536, 7, 2024/05/25, 12:45:22.250, 5331387178817, vstest.console.dll, Closing the connection
TpTrace Verbose: 0 : 10536, 7, 2024/05/25, 12:45:22.250, 5331387182201, vstest.console.dll, ProxyDataCollectionManager.InvokeDataCollectionServiceAction: Starting.
TpTrace Information: 0 : 10536, 7, 2024/05/25, 12:45:22.250, 5331387182768, vstest.console.dll, ProxyDataCollectionManager.AfterTestRunEnd: Get attachment set and invoked data collectors processId: 2864 port: 54594
TpTrace Verbose: 0 : 10536, 7, 2024/05/25, 12:45:22.250, 5331387183298, vstest.console.dll, DataCollectionRequestSender.SendAfterTestRunStartAndGetResult: Send AfterTestRunEnd message with isCancelled: False
TpTrace Verbose: 0 : 10536, 7, 2024/05/25, 12:45:22.255, 5331387234582, vstest.console.dll, DataCollectionRequestSender.SendAfterTestRunStartAndGetResult: Received message: (DataCollection.AfterTestRunEndResult) -> {"MessageType":"DataCollection.AfterTestRunEndResult","Payload":{"AttachmentSets":[],"InvokedDataCollectors":[{"Uri":"datacollector://Microsoft/TestPlatform/Extensions/Blame/v1","FriendlyName":"Blame","AssemblyQualifiedName":"Microsoft.TestPlatform.Extensions.BlameDataCollector.BlameCollector, Microsoft.TestPlatform.Extensions.BlameDataCollector, Version=15.0.0.0, Culture=neutral, PublicKeyToken=b03f5f7f11d50a3a","FilePath":"C:\\Program Files\\dotnet\\sdk\\8.0.200-preview.23624.5\\Extensions\\Microsoft.TestPlatform.Extensions.BlameDataCollector.dll","HasAttachmentProcessor":false}],"Metrics":{}}}
TpTrace Warning: 0 : 10536, 10, 2024/05/25, 12:45:22.259, 5331387275787, vstest.console.dll, DataCollectionLauncher.ErrorReceivedCallback datacollector standard error line: 
TpTrace Information: 0 : 10536, 7, 2024/05/25, 12:45:22.261, 5331387288769, vstest.console.dll, ProxyDataCollectionManager.InvokeDataCollectionServiceAction: Completed.
TpTrace Information: 0 : 10536, 10, 2024/05/25, 12:45:22.265, 5331387330297, vstest.console.dll, DataCollectionLauncher.ExitCallBack: Data collector exited with exitcode: 0 error: ''
TpTrace Verbose: 0 : 10536, 7, 2024/05/25, 12:45:22.307, 5331387750514, vstest.console.dll, TestRunRequest:SendTestRunStatsChange: Starting.
TpTrace Verbose: 0 : 10536, 7, 2024/05/25, 12:45:22.307, 5331387752507, vstest.console.dll, MulticastDelegateUtilities.SafeInvoke: TestRun.RunStatsChanged: Invoking callbacks was skipped because there are no subscribers.
TpTrace Information: 0 : 10536, 7, 2024/05/25, 12:45:22.307, 5331387753036, vstest.console.dll, TestRunRequest:SendTestRunStatsChange: Completed.
TpTrace Verbose: 0 : 10536, 7, 2024/05/25, 12:45:22.307, 5331387755902, vstest.console.dll, ParallelProxyExecutionManager: HandlePartialRunComplete: Total workloads = 1, Total started clients = 1 Total completed clients = 1, Run complete = True, Run canceled: False.
TpTrace Verbose: 0 : 10536, 7, 2024/05/25, 12:45:22.307, 5331387756580, vstest.console.dll, ParallelProxyExecutionManager: HandlePartialRunComplete: All runs completed stopping all managers.
TpTrace Verbose: 0 : 10536, 7, 2024/05/25, 12:45:22.307, 5331387757089, vstest.console.dll, ParallelOperationManager.StopAllManagers: Stopping all managers.
TpTrace Verbose: 0 : 10536, 7, 2024/05/25, 12:45:22.308, 5331387757539, vstest.console.dll, ParallelOperationManager.ClearSlots: Clearing all slots. Slots should accept more work: False
TpTrace Verbose: 0 : 10536, 7, 2024/05/25, 12:45:22.308, 5331387758095, vstest.console.dll, ParallelOperationManager.SetOccupiedSlotCount: Setting slot counts AvailableSlotCount = 3, OccupiedSlotCount = 0.
TpTrace Verbose: 0 : 10536, 7, 2024/05/25, 12:45:22.308, 5331387758676, vstest.console.dll, Occupied slots:

TpTrace Verbose: 0 : 10536, 4, 2024/05/25, 12:45:22.308, 5331387763507, vstest.console.dll, MulticastDelegateUtilities.SafeInvoke: InternalTestLoggerEvents.SendTestResult: Invoking callback 1/1 for Microsoft.VisualStudio.TestPlatform.CommandLine.Internal.ConsoleLogger., took 1 ms.
TpTrace Verbose: 0 : 10536, 4, 2024/05/25, 12:45:22.308, 5331387765816, vstest.console.dll, MulticastDelegateUtilities.SafeInvoke: InternalTestLoggerEvents.SendTestResult: Invoking callback 1/1 for Microsoft.VisualStudio.TestPlatform.CommandLine.Internal.ConsoleLogger., took 0 ms.
TpTrace Verbose: 0 : 10536, 4, 2024/05/25, 12:45:22.308, 5331387766616, vstest.console.dll, MulticastDelegateUtilities.SafeInvoke: InternalTestLoggerEvents.SendTestResult: Invoking callback 1/1 for Microsoft.VisualStudio.TestPlatform.CommandLine.Internal.ConsoleLogger., took 0 ms.
TpTrace Verbose: 0 : 10536, 4, 2024/05/25, 12:45:22.308, 5331387767210, vstest.console.dll, MulticastDelegateUtilities.SafeInvoke: InternalTestLoggerEvents.SendTestResult: Invoking callback 1/1 for Microsoft.VisualStudio.TestPlatform.CommandLine.Internal.ConsoleLogger., took 0 ms.
TpTrace Verbose: 0 : 10536, 4, 2024/05/25, 12:45:22.314, 5331387817988, vstest.console.dll, MulticastDelegateUtilities.SafeInvoke: InternalTestLoggerEvents.SendTestRunComplete: Invoking callback 1/2 for Microsoft.TestPlatform.Extensions.BlameDataCollector.BlameLogger., took 0 ms.
TpTrace Verbose: 0 : 10536, 4, 2024/05/25, 12:45:22.318, 5331387859769, vstest.console.dll, MulticastDelegateUtilities.SafeInvoke: InternalTestLoggerEvents.SendTestRunComplete: Invoking callback 2/2 for Microsoft.VisualStudio.TestPlatform.CommandLine.Internal.ConsoleLogger., took 4 ms.
TpTrace Verbose: 0 : 10536, 7, 2024/05/25, 12:45:22.318, 5331387862749, vstest.console.dll, TestRunRequest:TestRunComplete: Starting. IsAborted:False IsCanceled:False.
TpTrace Verbose: 0 : 10536, 7, 2024/05/25, 12:45:22.318, 5331387864245, vstest.console.dll, ParallelOperationManager.DoActionOnAllManagers: Calling an action on all managers.
TpTrace Verbose: 0 : 10536, 7, 2024/05/25, 12:45:22.319, 5331387871418, vstest.console.dll, TestLoggerManager.HandleTestRunComplete: Ignoring as the object is disposed.
TpTrace Verbose: 0 : 10536, 7, 2024/05/25, 12:45:22.319, 5331387873377, vstest.console.dll, MulticastDelegateUtilities.SafeInvoke: TestRun.TestRunComplete: Invoking callback 1/2 for Microsoft.VisualStudio.TestPlatform.CommandLine.TestRunResultAggregator., took 0 ms.
TpTrace Verbose: 0 : 10536, 7, 2024/05/25, 12:45:22.319, 5331387874660, vstest.console.dll, MulticastDelegateUtilities.SafeInvoke: TestRun.TestRunComplete: Invoking callback 2/2 for Microsoft.VisualStudio.TestPlatform.CommandLine.Processors.RunTestsArgumentExecutor+TestRunRequestEventsRegistrar., took 0 ms.
TpTrace Information: 0 : 10536, 7, 2024/05/25, 12:45:22.319, 5331387875840, vstest.console.dll, TestRunRequest:TestRunComplete: Completed.
TpTrace Verbose: 0 : 10536, 1, 2024/05/25, 12:45:22.319, 5331387875995, vstest.console.dll, TestRunRequest.Dispose: Starting.
TpTrace Verbose: 0 : 10536, 7, 2024/05/25, 12:45:22.319, 5331387877130, vstest.console.dll, TestRequestSender.SetOperationComplete: Setting operation complete.
TpTrace Information: 0 : 10536, 1, 2024/05/25, 12:45:22.320, 5331387877801, vstest.console.dll, TestRunRequest.Dispose: Completed.
TpTrace Information: 0 : 10536, 7, 2024/05/25, 12:45:22.320, 5331387878493, vstest.console.dll, SocketServer.Stop: Stop server endPoint: 127.0.0.1:54597
TpTrace Information: 0 : 10536, 7, 2024/05/25, 12:45:22.320, 5331387879702, vstest.console.dll, SocketServer.Stop: Cancellation requested. Stopping message loop.
TpTrace Information: 0 : 10536, 1, 2024/05/25, 12:45:22.320, 5331387879236, vstest.console.dll, TestRequestManager.RunTests: run tests completed.
TpTrace Verbose: 0 : 10536, 7, 2024/05/25, 12:45:22.320, 5331387880584, vstest.console.dll, MulticastDelegateUtilities.SafeInvoke: LengthPrefixCommunicationChannel: MessageReceived: Invoking callback 1/1 for Microsoft.VisualStudio.TestPlatform.CommunicationUtilities.TestRequestSender+<>c__DisplayClass34_0., took 88 ms.
TpTrace Information: 0 : 10536, 1, 2024/05/25, 12:45:22.320, 5331387881366, vstest.console.dll, RunTestsArgumentProcessor:Execute: Test run is completed.
TpTrace Information: 0 : 10536, 7, 2024/05/25, 12:45:22.320, 5331387882096, vstest.console.dll, SocketServer.PrivateStop: Stopping server endPoint: 127.0.0.1:54597 error: 
TpTrace Verbose: 0 : 10536, 1, 2024/05/25, 12:45:22.320, 5331387883463, vstest.console.dll, Executor.Execute: Exiting with exit code of 0
TpTrace Verbose: 0 : 10536, 7, 2024/05/25, 12:45:22.320, 5331387886356, vstest.console.dll, LengthPrefixCommunicationChannel.Dispose: Dispose reader and writer.
TpTrace Information: 0 : 10536, 7, 2024/05/25, 12:45:22.320, 5331387887172, vstest.console.dll, SocketServer.Stop: Raise disconnected event endPoint: 127.0.0.1:54597 error: 
